-0.18869528940828356
-0.03091565260606606
-0.030850063007314008
-0.031028543644721237
-0.042445342289816376
-0.042216047542659
-0.04216221409820808
-0.05018394575599503
-0.0503124846628479
-0.05010567370937394
-0.05541424917091893
-0.055480809363173345
-0.05548536782985415
-0.05809291291344502
-0.05792901243702271
-0.05798046629872907
-0.05919601551284926
-0.05901249875202561
-0.059122216895129046
-0.05912056682862191
-0.05912831498215641
-0.05924396679299952
-0.058270297576009156
-0.05832426379709915
-0.05808199392656945
-0.05724480497163587
-0.057009054222218254
-0.05694883922750426
-0.055350143570256014
-0.0552186737822873
-0.05519390871936788
-0.05357212868785754
-0.05326421165707032
-0.053488844959240986
-0.05112954576698399
-0.05115381718314354
-0.051166099417479016
-0.047979952004447705
-0.04833252018159039
-0.047935881219749496
-0.0440223975902456
-0.04422575317876011
-0.04455280535932581
-0.040260773053065385
-0.04039302916512276
-0.04027805394355921
-0.03521887030197577
-0.03556593071111566
-0.035588365449222226
-0.031351594156564785
-0.03127098630131966
-0.0314401623887962
-0.03554482373829668
-0.03550469679281909
-0.035258429102166054
-0.0385630051152374
-0.03830933001655461
-0.038346679594052
-0.039611574545412566
-0.039446125489464225
-0.03913547671642654
-0.03669047184013592
-0.03684824177852264
-0.036822518344609756
-0.02916973306302763
-0.029246747754085395
-0.029238709389256486
-0.03368636955335805
-0.03335163939182243
-0.03341168230960739
-0.04353063762086155
-0.04354859706946301
-0.04337039061897094
-0.05035611816803382
-0.05070113226740162
-0.05077301505912103
-0.054776405152865526
-0.05504239971332581
-0.054992625188671394
-0.05734799951067156
-0.05752067773451219
-0.057511209749337065
-0.059607030453993244
-0.05968233783557917
-0.0596505498000133
-0.060365698812570416
-0.06044716041460936
-0.06043792412617827
-0.0612216841333774
-0.061254222642925106
-0.06139245048559664
-0.06169920469656112
-0.06167304537528168
-0.061744458719515345
-0.0619782660090223
-0.062048875590307306
-0.062121763599120985
-0.06259321157974757
-0.06261348869505981
-0.06258981306746239
-0.06282066455280982
-0.06280018624789073
-0.06278003547708247
-0.06291785541189296
-0.06289784180096959
-0.06287959219542073
-0.06291785541189296
-0.06289784180096959
-0.06287959219542073
-0.06291785541189296
-0.06289784180096959
-0.06287959219542073
-0.06276581346724656
-0.06270319978797373
-0.06283598854982544
-0.0618121150450291
-0.061719044586930935
-0.06178455967491162
-0.059819627997555504
-0.059709139602352614
-0.05978592151090302
-0.05634717333599416
-0.056116195910426034
-0.056401462591002385
-0.05019880846963889
-0.050091296567702996
-0.05041870525317585
-0.0404280217322298
-0.04063620355818972
-0.040647247789533034
-0.03509842977493164
-0.035164758375667
-0.035115357521023106
-0.045806850660487376
-0.0456521306164801
-0.04535970055255931
-0.05363648089773152
-0.0534487165346264
-0.05338200403650291
-0.058191580955442336
-0.05814071030469307
-0.058289986808091554
-0.06080401507809288
-0.060724555427149385
-0.06065892300248042
-0.06219085054467564
-0.062152532460899065
-0.0621240817019172
-0.0627326775748583
-0.06280033911020766
-0.06277914004534366
-0.06291785541189296
-0.06289784180096959
-0.06287959219542073
-0.06291785541189296
-0.06289784180096959
-0.06287959219542073
-0.06291785541189296
-0.06289784180096959
-0.06287959219542073
-0.06291785541189296
-0.06289784180096959
-0.06287959219542073
-0.06291785541189296
-0.06289784180096959
-0.06287959219542073
-0.06291785541189296
-0.06289784180096959
-0.06287959219542073
-0.06291785541189296
-0.06289784180096959
-0.06287959219542073
-0.06291785541189296
-0.06289784180096959
-0.06287959219542073
-0.06286966951044137
-0.0627998660496402
-0.06283598854982544
-0.062166246232844564
-0.062378326483711534
-0.062381514890568555
-0.060722462374545524
-0.060363914103668224
-0.06052875522908928
-0.05783884713270571
-0.05781625295730029
-0.057745191858462705
-0.05274887322212596
-0.05272033865156781
-0.05273170357740719
-0.04405677779241204
-0.0443139239548886
-0.044403386203574605
-0.06277044701189362
-0.06274844130621572
-0.0627333617626144
-0.0626261299233817
-0.06255540728040404
-0.06253888041683846
-0.06209752165745857
-0.06208418353686374
-0.06197524240702398
-0.06153207857690899
-0.061469335758179255
-0.061510381888918
-0.06100355097717158
-0.06085973951900106
-0.06087068278851619
-0.060305680540313975
-0.060284080609632425
-0.06013229202770326
-0.0594013883586333
-0.05932270026138273
-0.05934441894307661
-0.058270297576009156
-0.058373940314017006
-0.05813194433252205
-0.05724480497163587
-0.057009054222218254
-0.05694883922750426
-0.055350143570256014
-0.0552186737822873
-0.05519390871936788
-0.05357212868785754
-0.05326421165707032
-0.053488844959240986
-0.05112954576698399
-0.05115381718314354
-0.051166099417479016
-0.047979952004447705
-0.04833252018159039
-0.047935881219749496
-0.0440223975902456
-0.04422575317876011
-0.04455280535932581
-0.040260773053065385
-0.04039302916512276
-0.04027805394355921
-0.035267056203427356
-0.03561240489526653
-0.035588365449222226
-0.03140009895816768
-0.03141450819906027
-0.0315339271834272
-0.03643625182247064
-0.0366216034110297
-0.03625830019730816
-0.04095835837960636
-0.04087994264582186
-0.04086152190556891
-0.04528143449768537
-0.04505179773756082
-0.04501491825599268
-0.04836793951089772
-0.048248458637532333
-0.048449295893803195
-0.05100722726960056
-0.0510427681135184
-0.050895032129061143
-0.053345251722210774
-0.05325570321866547
-0.05341648551732921
-0.05550938969349789
-0.05559126442682955
-0.05538445992271737
-0.057007359954267596
-0.056928613591581835
-0.05717271177694827
-0.058129928413468215
-0.05820606270551334
-0.057880129837065475
-0.058967235476485635
-0.05899156059692723
-0.05892549364866037
-0.05988838660046875
-0.05992704378249255
-0.059956854358539625
-0.06050526978816904
-0.06054466310537128
-0.060538376276255364
-0.0612216841333774
-0.061254222642925106
-0.06139245048559664
-0.06169920469656112
-0.06167304537528168
-0.061744458719515345
-0.0619782660090223
-0.062048875590307306
-0.062121763599120985
-0.06259321157974757
-0.06261348869505981
-0.06258981306746239
-0.06282066455280982
-0.06280018624789073
-0.06278003547708247
-0.06291785541189296
-0.06289784180096959
-0.06287959219542073
-0.06291785541189296
-0.06289784180096959
-0.06287959219542073
-0.06291785541189296
-0.06289784180096959
-0.06287959219542073
-0.06291785541189296
-0.06289784180096959
-0.06287959219542073
-0.06291785541189296
-0.06289784180096959
-0.06287959219542073
-0.06291785541189296
-0.06289784180096959
-0.06287959219542073
-0.06291785541189296
-0.06289784180096959
-0.06287959219542073
-0.06291785541189296
-0.06289784180096959
-0.06287959219542073
-0.06291785541189296
-0.06289784180096959
-0.06287959219542073
-0.06291785541189296
-0.06289784180096959
-0.06287959219542073
-0.06291785541189296
-0.06289784180096959
-0.06287959219542073
-0.06291785541189296
-0.06289784180096959
-0.06287959219542073
-0.06291785541189296
-0.06289784180096959
-0.06287959219542073
-0.06291785541189296
-0.06289784180096959
-0.06287959219542073
-0.06291785541189296
-0.06289784180096959
-0.06287959219542073
-0.06291785541189296
-0.06289784180096959
-0.06287959219542073
-0.06291785541189296
-0.06289784180096959
-0.06287959219542073
-0.06291785541189296
-0.06289784180096959
-0.06287959219542073
-0.06291785541189296
-0.06289784180096959
-0.06287959219542073
-0.06291785541189296
-0.06289784180096959
-0.06287959219542073
-0.06291785541189296
-0.06289784180096959
-0.06287959219542073
-0.06291785541189296
-0.06289784180096959
-0.06287959219542073
-0.06291785541189296
-0.06289784180096959
-0.06287959219542073
-0.06291785541189296
-0.06289784180096959
-0.06287959219542073
-0.06291785541189296
-0.06289784180096959
-0.06287959219542073
-0.06291785541189296
-0.06289784180096959
-0.06287959219542073
-0.06291785541189296
-0.06289784180096959
-0.06287959219542073
-0.06291785541189296
-0.06289784180096959
-0.06287959219542073
-0.06291785541189296
-0.06289784180096959
-0.06287959219542073
-0.06286888594745957
-0.06279845830410799
-0.06283110940283443
-0.031016598733883988
-0.030949778671228237
-0.031076334749282095
-0.03509842977493164
-0.035164758375667
-0.035115357521023106
-0.03888804672511142
-0.03871901220608185
-0.03860370603015583
-0.042689447062576866
-0.04251161485622117
-0.04245296934113119
-0.045806850660487376
-0.0456521306164801
-0.04535970055255931
-0.04877833737785396
-0.04856191248665516
-0.04856593792203726
-0.050956658794678665
-0.05112614292695372
-0.050910746968830876
-0.05363648089773152
-0.0534487165346264
-0.05338200403650291
-0.055241814056107716
-0.05543770825968857
-0.05522420029606372
-0.05680002600590291
-0.05686279524786812
-0.056804893650175686
-0.058191580955442336
-0.05814071030469307
-0.058289986808091554
-0.05911693418797104
-0.059356996346313064
-0.059392309193387026
-0.0600072173481664
-0.05996711471899123
-0.059989375705633625
-0.06080401507809288
-0.060724555427149385
-0.06065892300248042
-0.0612513644230868
-0.06133356833146916
-0.061317922813274174
-0.061808190384428266
-0.06162625994336275
-0.061869517062846546
-0.06219085054467564
-0.062152532460899065
-0.0621240817019172
-0.06258924424242536
-0.06260592035879807
-0.06252364036189248
-0.06263703388188158
-0.06270345652174328
-0.06277914004534366
-0.0627326775748583
-0.06280033911020766
-0.06277914004534366
-0.06277828443629435
-0.06280033911020766
-0.06277914004534366
-0.06291785541189296
-0.06284816528405175
-0.06282964178946814
-0.06291785541189296
-0.06289784180096959
-0.06287959219542073
-0.06291785541189296
-0.06289784180096959
-0.06287959219542073
-0.06291785541189296
-0.06289784180096959
-0.06287959219542073
-0.06291785541189296
-0.06289784180096959
-0.06287959219542073
-0.06291785541189296
-0.06289784180096959
-0.06287959219542073
-0.06291785541189296
-0.06289784180096959
-0.06287959219542073
-0.06291785541189296
-0.06289784180096959
-0.06287959219542073
-0.06291785541189296
-0.06289784180096959
-0.06287959219542073
-0.06291785541189296
-0.06289784180096959
-0.06287959219542073
-0.06291785541189296
-0.06289784180096959
-0.06287959219542073
-0.06291785541189296
-0.06289784180096959
-0.06287959219542073
-0.06291785541189296
-0.06289784180096959
-0.06287959219542073
-0.06291785541189296
-0.06289784180096959
-0.06287959219542073
-0.06291785541189296
-0.06289784180096959
-0.06287959219542073
-0.06291785541189296
-0.06289784180096959
-0.06287959219542073
-0.06291785541189296
-0.06289784180096959
-0.06287959219542073
-0.06291785541189296
-0.06289784180096959
-0.06287959219542073
-0.06291785541189296
-0.06289784180096959
-0.06287959219542073
-0.06291785541189296
-0.06289784180096959
-0.06287959219542073
-0.06291785541189296
-0.06289784180096959
-0.06287959219542073
-0.06291785541189296
-0.06289784180096959
-0.06287959219542073
-0.06291785541189296
-0.06289784180096959
-0.06287959219542073
-0.06291785541189296
-0.06289784180096959
-0.06287959219542073
-0.06286966951044137
-0.06285136761681871
-0.06287959219542073
-0.06286966951044137
-0.0627998660496402
-0.06283598854982544
-0.06276581346724656
-0.06270319978797373
-0.06283598854982544
-0.06251706658965064
-0.06256457085881253
-0.06261468398204804
-0.062166246232844564
-0.062378326483711534
-0.062381514890568555
-0.0618121150450291
-0.061719044586930935
-0.06178455967491162
-0.061122074484235164
-0.06106596871890211
-0.06121351789683382
-0.060722462374545524
-0.060363914103668224
-0.06052875522908928
-0.059819627997555504
-0.059709139602352614
-0.05978592151090302
-0.058777631254890675
-0.058866016434536546
-0.059050094465583486
-0.05783884713270571
-0.05781625295730029
-0.057745191858462705
-0.05634717333599416
-0.056116195910426034
-0.056401462591002385
-0.054627360368621924
-0.05483216990134394
-0.05466602436680732
-0.05274887322212596
-0.05272033865156781
-0.05273170357740719
-0.05019880846963889
-0.050091296567702996
-0.05041870525317585
-0.047413384217835454
-0.04772502227059356
-0.047978672601094056
-0.04410574725684543
-0.044363608785728224
-0.04445186899616091
-0.0404280217322298
-0.04063620355818972
-0.040647247789533034
-0.03655383080430837
-0.03655057800446414
-0.03673354823912038
-0.007567711841637019
-0.007679168018682321
-0.007685683476052884
-0.009345726724035467
-0.009633630143899289
-0.009390747236179733
-0.011788309644908986
-0.011744024617826058
-0.011713492777941715
-0.014937903407445286
-0.01456532161937921
-0.014943710975671251
-0.018895457821647428
-0.018672088622209475
-0.018326786836094965
-0.022657082358827678
-0.022504812635846798
-0.022601538251861605
-0.027650799208465755
-0.027285436905703012
-0.027291226746198625
-0.007567711841637019
-0.007679168018682321
-0.007685683476052884
-0.009345726724035467
-0.009633630143899289
-0.009390747236179733
-0.011788309644908986
-0.011744024617826058
-0.011713492777941715
-0.014937903407445286
-0.01456532161937921
-0.014943710975671251
-0.018895457821647428
-0.018672088622209475
-0.018326786836094965
-0.022657082358827678
-0.022504812635846798
-0.022601538251861605
-0.027650799208465755
-0.027285436905703012
-0.027291226746198625
-0.03185479440582771
-0.031898378298901714
-0.03170481811789326
-0.027819425636961454
-0.027733083425302583
-0.027764234674397734
-0.031901256678009145
-0.03194806312974134
-0.03180325744613874
-0.027819425636961454
-0.027733083425302583
-0.027764234674397734
-0.01965888216885281
-0.01990406382684305
-0.02000480320772179
-0.024029808686781666
-0.024178829594887742
-0.024275886165264986
-0.020180787633565404
-0.02033935973774506
-0.02037666631863043
-0.020228408349316187
-0.02038622694474843
-0.02042662285428961
-0.017111004751405666
-0.01724571118448948
-0.01751989164286148
-0.017111004751405666
-0.01724571118448948
-0.01751989164286148
-0.011978752072636363
-0.012042667357366517
-0.012014069303746428
-0.014139518034039046
-0.014335929314314442
-0.014313654273383497
-0.01191357590146352
-0.011771698874015869
-0.011869568697650048
-0.011961196617214303
-0.011771698874015869
-0.011968845226589876
-0.009281374514161465
-0.009449125266343186
-0.00949758815891783
-0.009281374514161465
-0.009449125266343186
-0.00949758815891783
-0.006651241786233734
-0.0062274813241801905
-0.006399696717827211
-0.007676041355785272
-0.007460133541281037
-0.007655391899357045
-0.031165472433086004
-0.03129358455749289
-0.031174521593251937
-0.03151775645372545
-0.031483333601909316
-0.03134566501199363
-0.02557725074593859
-0.02556127192608303
-0.025955088794667795
-0.02648160358942245
-0.026276238389939914
-0.026621291998112643
-0.02021462613965333
-0.020556686417981918
-0.020703414871531507
-0.02195949703228668
-0.022017899155147753
-0.02201807028985187
-0.015015785823209426
-0.015386044411879707
-0.015530547650380835
-0.017636420914207668
-0.017846044063408773
-0.01786467393942809
-0.010722912377699585
-0.010876780492070926
-0.011156154256484382
-0.014549915900995292
-0.01464938316343726
-0.01443029630161759
-0.007384097741280707
-0.007303830250378764
-0.007494838849863855
-0.011910628142292443
-0.011855073687451206
-0.01198456006635965
-0.004370926517928852
-0.004274765768044699
-0.004271082957543196
-0.009572603689682246
-0.009642138582304147
-0.009463106678091603
-0.005201677171753395
-0.005367372814259444
-0.005192023720548406
-0.0045265304010117385
-0.004551243437072442
-0.004489721216495798
-0.026364024607584784
-0.026347263796505434
-0.026146043956300484
-0.022489833679663326
-0.02226163824277983
-0.022232344405887772
-0.022489833679663326
-0.02226163824277983
-0.022232344405887772
-0.01881210815504769
-0.01848453434921939
-0.018427723199259855
-0.01881210815504769
-0.01853423301524135
-0.018427723199259855
-0.0038270035232957147
-0.003772602671366336
-0.0032741420451332034
-0.015504471194057595
-0.015172819530376004
-0.01490091959432667
-0.021837494206573025
-0.021796020359432993
-0.021656322739804678
-0.012719046942254134
-0.01280654523326658
-0.012460886942244915
-0.010168982189767042
-0.010177503149401775
-0.010147888618013565
-0.010168982189767042
-0.010177503149401775
-0.010147888618013565
-0.012719046942254134
-0.01280654523326658
-0.012460886942244915
-0.011677467670761887
-0.011400216859009674
-0.011626777549193466
-0.005669859952272836
-0.005605672248096592
-0.005879441539566165
-0.008290495043271085
-0.008065671899625662
-0.008213567828613424
-0.0065706820758988545
-0.006781645890543583
-0.006478129604418375
-0.0065706820758988545
-0.006781645890543583
-0.006478129604418375
-0.0061178294059900705
-0.005988526395005913
-0.006025014059063834
-0.0061178294059900705
-0.006035046553101481
-0.006074698545245068
-0.005247699756992473
-0.0050133154171921575
-0.005195547303066361
-0.007408465718395149
-0.007306577374140081
-0.00749513227270343
-0.002620635090998247
-0.002459999651529071
-0.0023341262890472594
-0.005079008279187294
-0.00508158884366932
-0.005134400336958068
-0.005079008279187294
-0.00508158884366932
-0.005134400336958068
-0.002395353264368959
-0.0025706126292672177
-0.002514842311516919
-0.004140224157002315
-0.00403182536643305
-0.003829497729837279
-0.004726274456450652
-0.004757131496276532
-0.004589605387329198
-0.004726274456450652
-0.004757131496276532
-0.004589605387329198
-0.0033535232606026954
-0.0031636629921875264
-0.002887504648394068
-0.003800921223921945
-0.0035408454546565463
-0.0034872830020337233
-0.0021607659614026743
-0.002293261956947921
-0.0022995849696370693
-0.004885695888073899
-0.004736575992286939
-0.004451185236942692
-0.0059104954576254375
-0.0059692282093877875
-0.0057068804184725215
-0.0056730504402571335
-0.005888787578751372
-0.00593075296791651
-0.0056730504402571335
-0.005888787578751372
-0.00593075296791651
-0.004647557835883847
-0.00452390148695262
-0.004747647862898724
-0.004647557835883847
-0.00452390148695262
-0.004747647862898724
-0.0035164670532596915
-0.003575141539586906
-0.0035351732523441664
-0.0035164670532596915
-0.003575141539586906
-0.0035351732523441664
-0.0029106380637265753
-0.00293072708197838
-0.0028902164897871133
-0.0029106380637265753
-0.00293072708197838
-0.0028902164897871133
-0.002113840333800086
-0.0021732863738202312
-0.0022206691929403167
-0.002113840333800086
-0.0021732863738202312
-0.0022206691929403167
-0.0010247995695515392
-0.0012326522171008454
-0.0012556951815298326
-0.0004473979633192495
-0.0003771824624690202
-0.0005997783536396552
-0.004787926998424801
-0.004691779095456279
-0.004999462358355304
-0.003903364912415289
-0.00381289059695702
-0.003806713063937138
-0.003950619935407369
-0.003906281204042398
-0.003954098546760397
-0.004340529035105551
-0.0043145966329872585
-0.00439968400471565
-0.0029822137884321434
-0.0029235825232189682
-0.0028730905618792155
-0.003029468811424223
-0.002970798018477096
-0.002922737836881148
-0.002412585623723958
-0.0023531786955983524
-0.0023412159191654154
-0.002412585623723958
-0.0023531786955983524
-0.0023412159191654154
-0.0016961712785156047
-0.0016436191580445085
-0.0014871417098241233
-0.0016961712785156047
-0.0016436191580445085
-0.0014871417098241233
-0.001744870892633355
-0.0014612127371658337
-0.0013146554183203598
-0.0030982274143374782
-0.0031887021986169847
-0.003093670684517747
-0.0030982274143374782
-0.0031887021986169847
-0.003093670684517747
-0.0009043528434838557
-0.000714966463856888
-0.0006662032034448466
-0.0021953930373474592
-0.0025339276973013673
-0.002350836966331488
-0.0017957809276578265
-0.0018318730820674808
-0.001666074298586947
-0.0021953930373474592
-0.0025339276973013673
-0.002350836966331488
-0.0011057403668638778
-0.0011787972140386432
-0.0010950325205091418
-0.0011057403668638778
-0.0011787972140386432
-0.0010950325205091418
-0.0007516091790484132
-0.0005195153172580336
-0.000498077304852199
-0.0007516091790484132
-0.0005195153172580336
-0.000498077304852199
-0.00035228402063944416
-0.00018974904441642428
-0.00017114341874168739
-0.00040078882224234757
-0.0003332709421570345
-0.0002649082133726922
-0.0008914280841739716
-0.0011169066182105923
-0.0009998710951421006
-4.850480160290341e-05
-0.00014352189774061025
-9.376479463100477e-05
-0.00015204194464640779
-0.0001946420129958381
-4.3603645595278716e-05
-0.00015204194464640779
-0.0001946420129958381
-4.3603645595278716e-05
-0.0026121748715790183
-0.0026137611913371753
-0.002747300167717501
-0.0026121748715790183
-0.0026137611913371753
-0.002747300167717501
-0.0019143044347213942
-0.0020381022819685427
-0.0020089094069045813
-0.0019143044347213942
-0.0020381022819685427
-0.0020089094069045813
-0.0013857768349839926
-0.0013819858846947594
-0.0013195258203215362
-0.0013857768349839926
-0.001428506042790328
-0.0013692103065027696
-0.0007727130386836255
-0.0008136582641058384
-0.0008050732594569605
-0.0008203337544344083
-0.0008136582641058384
-0.0009043497883967891
-0.00024410477276050422
-0.0002955673135621615
-0.0002907552429231195
-0.0002917254885112871
-0.0003424345205655313
-0.00034071177858230133
-0.00010094612781792701
-9.971566391422547e-05
-4.7791104560852764e-05
-0.0001474083999993551
-0.00014940049475385502
-0.00014623043280633657
0.0
-4.969866602195856e-05
0.0
-4.896946443339956e-05
-9.93834968615881e-05
-4.848279258630202e-05
-4.896946443339956e-05
-4.968483083962954e-05
-4.848279258630202e-05
-4.646227218142809e-05
-4.968483083962954e-05
-9.843932824548381e-05
-4.762071575078286e-05
-4.68672070033698e-05
-4.995653565918179e-05
-4.762071575078286e-05
0.0
-9.927652893982861e-05
0.0
-4.65201580955686e-05
-4.968448618123327e-05
-0.0016192359658140907
-0.001470882862415056
-0.0014142838993233156
-0.00166649098880617
-0.0015642734695004343
-0.0015616693821465745
-0.0011096650274647188
-0.0012715818576068305
-0.00101007513257421
-0.0007270048672173417
-0.0007453093400705214
-0.0007555104935035532
-0.0011096650274647188
-0.0012715818576068305
-0.00101007513257421
-0.0007270048672173417
-0.0007453093400705214
-0.0007555104935035532
-0.00028082153001140266
-0.00019438527922630545
-0.0001004521500770826
-0.00028135614647553094
-0.00024470594691337785
-0.0003063045585263343
-0.0003286111694676105
-0.0002919214421715057
-0.0003559518335282674
-0.00028082153001140266
-0.00019438527922630545
-0.0001004521500770826
-0.0001851778370346813
-9.750269076191491e-05
-0.0001004521500770826
-0.0001851778370346813
-9.750269076191491e-05
-0.0001004521500770826
0.0
-4.967651691784512e-05
-4.995040595259783e-05
-0.00013957097559862084
-9.750269076191491e-05
-0.0001004521500770826
-0.00013957097559862084
-9.750269076191491e-05
-0.0001004521500770826
0.0
-4.967651691784512e-05
-4.995040595259783e-05
-4.7255022992079554e-05
-9.339060708537814e-05
-0.00014738548282325876
-4.7255022992079554e-05
-4.721549525812785e-05
-4.964727500193316e-05
-0.0012186507153318787
-0.0012247964256879096
-0.0011351334759054127
-0.0012186507153318787
-0.0012247964256879096
-0.0011351334759054127
-0.0009395894028707097
-0.0008489662106622943
-0.0007578285962997626
-0.0009395894028707097
-0.0008489662106622943
-0.0007578285962997626
-0.00032464383214542077
-0.00028435310590977617
-0.00028977912795836086
-0.00032464383214542077
-0.00028435310590977617
-0.00028977912795836086
-9.71908590831473e-05
-9.765555307885275e-05
-9.955671833826232e-05
-9.71908590831473e-05
-9.765555307885275e-05
-9.955671833826232e-05
-4.818590145159006e-05
-9.797575132936905e-05
-4.3603645595278716e-05
-4.818590145159006e-05
-9.797575132936905e-05
-4.3603645595278716e-05
-4.818590145159006e-05
-4.647418415087028e-05
0.0
-4.818590145159006e-05
-4.647418415087028e-05
0.0
0.0
0.0
0.0
0.0
0.0
0.0
0.0
0.0
0.0
0.0
0.0
0.0
0.0
0.0
0.0
0.0
0.0
0.0
0.0
0.0
0.0
0.0
0.0
0.0
0.0
0.0
0.0
0.0
0.0
0.0
0.0
0.0
0.0
0.0
0.0
0.0
0.0
0.0
0.0
0.0
0.0
0.0
0.0
0.0
0.0
0.0
0.0
0.0
0.0
0.0
0.0
0.0
0.0
0.0
0.0
0.0
0.0
0.0
0.0
0.0
0.0
0.0
0.0
0.0
0.0
0.0
0.0
0.0
0.0
0.0
0.0
0.0
0.0
0.0
0.0
0.0
0.0
0.0
0.0
0.0
0.0
0.0
0.0
0.0
0.0
0.0
0.0
0.0
0.0
0.0
0.0
0.0
0.0
0.0
0.0
0.0
0.0
0.0
0.0
0.0
0.0
0.0
0.0
0.0
0.0
0.0
0.0
0.0
0.0
0.0
0.0
0.0
0.0
0.0
0.0
0.0
0.0
0.0
0.0
0.0
0.0
0.0
0.0
0.0
0.0
0.0
0.0
0.0
0.0
0.0
0.0
0.0
0.0
0.0
0.0
0.0
0.0
0.0
0.0
0.0
0.0
0.0
0.0
0.0
0.0
0.0
0.0
0.0
0.0
0.0
0.0
0.0
0.0
0.0
0.0
0.0
0.0
0.0
0.0
0.0
0.0
0.0
0.0
0.0
0.0
0.0
0.0
0.0
0.0
0.0
0.0
0.0
0.0
0.0
0.0
0.0
0.0
0.0
0.0
0.0
0.0
0.0
0.0
0.0
0.0
0.0
0.0
0.0
0.0
0.0
0.0
0.0
0.0
0.0
0.0
0.0
0.0
0.0
0.0
0.0
0.0
0.0
0.0
0.0
0.0
0.0
0.0
0.0
0.0
0.0
0.0
0.0
0.0
0.0
0.0
0.0
0.0
0.0
0.0
0.0
0.0
0.0
0.0
0.0
0.0
0.0
0.0
0.0
0.0
0.0
0.0
0.0
0.0
0.0
0.0
0.0
0.0
0.0
0.0
0.0
0.0
0.0
0.0
0.0
0.0
0.0
0.0
0.0
0.0
0.0
0.0
0.0
0.0
0.0
0.0
0.0
0.0
0.0
0.0
0.0
0.0
0.0
0.0
0.0
0.0
0.0
0.0
0.0
0.0
0.0
0.0
0.0
0.0
0.0
0.0
0.0
0.0
0.0
0.0
0.0
0.0
0.0
0.0
0.0
0.0
0.0
0.0
0.0
0.0
0.0
0.0
0.0
0.0
0.0
0.0
0.0
0.0
0.0
0.0
0.0
0.0
0.0
0.0
0.0
0.0
0.0
0.0
0.0
0.0
0.0
0.0
0.0
0.0
0.0
0.0
0.0
0.0
0.0
0.0
0.0
0.0
0.0
0.0
0.0
0.0
0.0
0.0
0.0
0.0
0.0
0.0
0.0
0.0
0.0
0.0
0.0
0.0
0.0
0.0
0.0
0.0
0.0
0.0
0.0
0.0
0.0
0.0
0.0
0.0
0.0
0.0
0.0
0.0
0.0
0.0
0.0
0.0
0.0
0.0
0.0
0.0
0.0
0.0
0.0
0.0
0.0
0.0
0.0
0.0
0.0
0.0
0.0
0.0
0.0
0.0
0.0
0.0
0.0
0.0
0.0
0.0
0.0
0.0
0.0
0.0
0.0
0.0
0.0
0.0
0.0
0.0
0.0
0.0
0.0
0.0
0.0
0.0
0.0
0.0
0.0
0.0
0.0
0.0
0.0
0.0
0.0
0.0
0.0
0.0
0.0
0.0
0.0
0.0
0.0
0.0
0.0
0.0
0.0
0.0
0.0
0.0
0.0
0.0
0.0
0.0
0.0
0.0
0.0
0.0
0.0
0.0
0.0
0.0
0.0
0.0
0.0
0.0
0.0
0.0
0.0
0.0
0.0
0.0
0.0
0.0
0.0
0.0
0.0
0.0
0.0
0.0
0.0
0.0
0.0
0.0
0.0
0.0
0.0
0.0
0.0
0.0
0.0
0.0
0.0
0.0
0.0
0.0
0.0
0.0
0.0
0.0
0.0
0.0
0.0
0.0
0.0
0.0
0.0
0.0
0.0
0.0
0.0
0.0
0.0
0.0
0.0
0.0
0.0
0.0
0.0
0.0
0.0
0.0
0.0
0.0
0.0
0.0
0.0
0.0
0.0
0.0
0.0
0.0
0.0
0.0
0.0
0.0
0.0
0.0
0.0
0.0
0.0
0.0
0.0
0.0
0.0
0.0
0.0
0.0
0.0
0.0
0.0
0.0
0.0
0.0
0.0
0.0
0.0
0.0
0.0
0.0
0.0
0.0
0.0
0.0
0.0
0.0
0.0
0.0
0.0
0.0
0.0
0.0
0.0
0.0
0.0
0.0
0.0
0.0
0.0
0.0
0.0
0.0
0.0
0.0
0.0
0.0
0.0
0.0
0.0
0.0
0.0
0.0
0.0
0.0
0.0
0.0
0.0
0.0
0.0
0.0
0.0
0.0
0.0
0.0
0.0
0.0
0.0
0.0
0.0
0.0
0.0
0.0
0.0
0.0
0.0
0.0
0.0
0.0
0.0
0.0
0.0
0.0
0.0
0.0
0.0
0.0
0.0
0.0
0.0
0.0
0.0
0.0
0.0
0.0
0.0
0.0
0.0
0.0
0.0
0.0
0.0
0.0
0.0
0.0
0.0
0.0
0.0
0.0
0.0
0.0
0.0
0.0
0.0
0.0
0.0
0.0
0.0
0.0
0.0
0.0
0.0
0.0
0.0
0.0
0.0
0.0
0.0
0.0
0.0
0.0
0.0
0.0
0.0
0.0
0.0
0.0
0.0
0.0
0.0
0.0
0.0
0.0
0.0
0.0
0.0
0.0
0.0
0.0
0.0
0.0
0.0
0.0
0.0
0.0
0.0
0.0
0.0
0.0
0.0
0.0
0.0
0.0
0.0
0.0
0.0
0.0
0.0
0.0
0.0
0.0
0.0
0.0
0.0
0.0
0.0
0.0
0.0
0.0
0.0
0.0
0.0
0.0
0.0
0.0
0.0
0.0
0.0
0.0
0.0
0.0
0.0
0.0
0.0
0.0
0.0
0.0
0.0
0.0
0.0
0.0
0.0
0.0
0.0
0.0
0.0
0.0
0.0
0.0
0.0
0.0
0.0
0.0
0.0
0.0
0.0
0.0
0.0
0.0
0.0
0.0
0.0
0.0
0.0
0.0
0.0
0.0
0.0
0.0
0.0
0.0
0.0
0.0
0.0
0.0
0.0
0.0
0.0
0.0
0.0
0.0
0.0
0.0
0.0
0.0
0.0
0.0
0.0
0.0
0.0
0.0
0.0
0.0
0.0
0.0
0.0
0.0
0.0
0.0
0.0
0.0
0.0
0.0
0.0
0.0
0.0
0.0
0.0
0.0
0.0
0.0
0.0
0.0
0.0
0.0
0.0
0.0
0.0
0.0
0.0
0.0
0.0
0.0
0.0
0.0
0.0
0.0
0.0
0.0
0.0
0.0
0.0
0.0
0.0
0.0
0.0
0.0
0.0
0.0
0.0
0.0
0.0
0.0
0.0
0.0
0.0
0.0
0.0
0.0
0.0
0.0
0.0
0.0
0.0
0.0
0.0
0.0
0.0
0.0
0.0
0.0
0.0
0.0
0.0
0.0
0.0
0.0
0.0
0.0
0.0
0.0
0.0
0.0
0.0
0.0
0.0
0.0
0.0
0.0
0.0
0.0
0.0
0.0
0.0
0.0
0.0
0.0
0.0
0.0
0.0
0.0
0.0
0.0
0.0
0.0
0.0
0.0
0.0
0.0
0.0
0.0
0.0
0.0
0.0
0.0
0.0
0.0
0.0
0.0
0.0
0.0
0.0
0.0
0.0
0.0
0.0
0.0
0.0
0.0
0.0
0.0
0.0
0.0
0.0
0.0
0.0
0.0
0.0
0.0
0.0
0.0
0.0
0.0
0.0
0.0
0.0
0.0
0.0
0.0
0.0
0.0
0.0
0.0
0.0
0.0
0.0
0.0
0.0
0.0
0.0
0.0
0.0
0.0
0.0
0.0
0.0
0.0
0.0
0.0
0.0
0.0
0.0
0.0
0.0
0.0
0.0
0.0
0.0
0.0
0.0
0.0
0.0
0.0
0.0
0.0
0.0
0.0
0.0
0.0
0.0
0.0
0.0
0.0
0.0
0.0
0.0
0.0
0.0
0.0
0.0
0.0
0.0
0.0
0.0
0.0
0.0
0.0
0.0
0.0
0.0
0.0
0.0
0.0
0.0
0.0
0.0
0.0
0.0
0.0
0.0
0.0
0.0
0.0
0.0
0.0
0.0
0.0
0.0
0.0
0.0
0.0
0.0
0.0
0.0
0.0
0.0
0.0
0.0
0.0
0.0
0.0
0.0
0.0
0.0
0.0
0.0
0.0
0.0
0.0
0.0
0.0
0.0
0.0
0.0
0.0
0.0
0.0
0.0
0.0
0.0
0.0
0.0
0.0
0.0
0.0
0.0
0.0
0.0
0.0
0.0
0.0
0.0
0.0
0.0
0.0
0.0
0.0
0.0
0.0
0.0
0.0
0.0
0.0
0.0
0.0
0.0
0.0
0.0
0.0
0.0
0.0
0.0
0.0
0.0
0.0
0.0
0.0
0.0
0.0
0.0
0.0
0.0
0.0
0.0
0.0
0.0
0.0
0.0
0.0
0.0
0.0
0.0
0.0
0.0
0.0
0.0
0.0
0.0
0.0
0.0
0.0
0.0
0.0
0.0
0.0
0.0
0.0
0.0
0.0
0.0
0.0
0.0
0.0
0.0
0.0
0.0
0.0
0.0
0.0
0.0
0.0
0.0
0.0
0.0
0.0
0.0
0.0
0.0
0.0
0.0
0.0
0.0
0.0
0.0
0.0
0.0
0.0
0.0
0.0
0.0
0.0
0.0
0.0
0.0
0.0
0.0
0.0
0.0
0.0
0.0
0.0
0.0
0.0
0.0
0.0
0.0
0.0
0.0
0.0
0.0
0.0
0.0
0.0
0.0
0.0
0.0
0.0
0.0
0.0
0.0
0.0
0.0
0.0
0.0
0.0
0.0
0.0
0.0
0.0
0.0
0.0
0.0
0.0
0.0
0.0
0.0
0.0
0.0
0.0
0.0
0.0
0.0
0.0
0.0
0.0
0.0
0.0
0.0
0.0
0.0
0.0
0.0
0.0
0.0
0.0
0.0
0.0
0.0
0.0
0.0
0.0
0.0
0.0
0.0
0.0
0.0
0.0
0.0
0.0
0.0
0.0
0.0
0.0
0.0
0.0
0.0
0.0
0.0
0.0
0.0
0.0
0.0
0.0
0.0
0.0
0.0
0.0
0.0
0.0
0.0
0.0
0.0
0.0
0.0
0.0
0.0
0.0
0.0
0.0
0.0
0.0
0.0
0.0
0.0
0.0
0.0
0.0
0.0
0.0
0.0
0.0
0.0
0.0
0.0
0.0
0.0
0.0
0.0
0.0
0.0
0.0
0.0
0.0
0.0
0.0
0.0
0.0
0.0
0.0
0.0
0.0
0.0
0.0
0.0
0.0
0.0
0.0
0.0
0.0
0.0
0.0
0.0
0.0
0.0
0.0
0.0
0.0
0.0
0.0
0.0
0.0
0.0
0.0
0.0
0.0
0.0
0.0
0.0
0.0
0.0
0.0
0.0
0.0
0.0
0.0
0.0
0.0
0.0
0.0
0.0
0.0
0.0
0.0
0.0
0.0
0.0
0.0
0.0
0.0
0.0
0.0
0.0
0.0
0.0
0.0
0.0
0.0
0.0
0.0
0.0
0.0
0.0
0.0
0.0
0.0
0.0
0.0
0.0
0.0
0.0
0.0
0.0
0.0
0.0
0.0
0.0
0.0
0.0
0.0
0.0
0.0
0.0
0.0
0.0
0.0
0.0
0.0
0.0
0.0
0.0
0.0
0.0
0.0
0.0
0.0
0.0
0.0
0.0
0.0
0.0
0.0
0.0
0.0
0.0
0.0
0.0
0.0
0.0
0.0
0.0
0.0
0.0
0.0
0.0
0.0
0.0
0.0
0.0
0.0
0.0
0.0
0.0
0.0
0.0
0.0
0.0
0.0
0.0
0.0
0.0
0.0
0.0
0.0
0.0
0.0
0.0
0.0
0.0
0.0
0.0
0.0
0.0
0.0
0.0
0.0
0.0
0.0
0.0
0.0
0.0
0.0
0.0
0.0
0.0
0.0
0.0
0.0
0.0
0.0
0.0
0.0
0.0
0.0
0.0
0.0
0.0
0.0
0.0
0.0
0.0
0.0
0.0
0.0
0.0
0.0
0.0
0.0
0.0
0.0
0.0
0.0
0.0
0.0
0.0
0.0
0.0
0.0
0.0
0.0
0.0
0.0
0.0
0.0
0.0
0.0
0.0
0.0
0.0
0.0
0.0
0.0
0.0
0.0
0.0
0.0
0.0
0.0
0.0
0.0
0.0
0.0
0.0
0.0
0.0
0.0
0.0
0.0
0.0
0.0
0.0
0.0
0.0
0.0
0.0
0.0
0.0
0.0
0.0
0.0
0.0
0.0
0.0
0.0
0.0
0.0
0.0
0.0
0.0
0.0
0.0
0.0
0.0
0.0
0.0
0.0
0.0
0.0
0.0
0.0
0.0
0.0
0.0
0.0
0.0
0.0
0.0
0.0
0.0
0.0
0.0
0.0
0.0
0.0
0.0
0.0
0.0
0.0
0.0
0.0
0.0
0.0
0.0
0.0
0.0
0.0
0.0
0.0
0.0
0.0
0.0
0.0
0.0
0.0
0.0
0.0
0.0
0.0
0.0
0.0
0.0
0.0
0.0
0.0
0.0
0.0
0.0
0.0
0.0
0.0
0.0
0.0
0.0
0.0
0.0
0.0
0.0
0.0
0.0
0.0
0.0
0.0
0.0
0.0
0.0
0.0
0.0
0.0
0.0
0.0
0.0
0.0
0.0
0.0
0.0
0.0
0.0
0.0
0.0
0.0
0.0
0.0
0.0
0.0
0.0
0.0
0.0
0.0
0.0
0.0
0.0
0.0
0.0
0.0
0.0
0.0
0.0
0.0
0.0
0.0
0.0
0.0
0.0
0.0
0.0
0.0
0.0
0.0
0.0
0.0
0.0
0.0
0.0
0.0
0.0
0.0
0.0
0.0
0.0
0.0
0.0
0.0
0.0
0.0
0.0
0.0
0.0
0.0
0.0
0.0
0.0
0.0
0.0
0.0
0.0
0.0
0.0
0.0
0.0
0.0
0.0
0.0
0.0
0.0
0.0
0.0
0.0
0.0
0.0
0.0
0.0
0.0
0.0
0.0
0.0
0.0
0.0
0.0
0.0
0.0
0.0
0.0
0.0
0.0
0.0
0.0
0.0
0.0
0.0
0.0
0.0
0.0
0.0
0.0
0.0
0.0
0.0
0.0
0.0
0.0
0.0
0.0
0.0
0.0
0.0
0.0
0.0
0.0
0.0
0.0
0.0
0.0
0.0
0.0
0.0
0.0
0.0
0.0
0.0
0.0
0.0
0.0
0.0
0.0
0.0
0.0
0.0
0.0
0.0
0.0
0.0
0.0
0.0
0.0
0.0
0.0
0.0
0.0
0.0
0.0
0.0
0.0
0.0
0.0
0.0
0.0
0.0
0.0
0.0
0.0
0.0
0.0
0.0
0.0
0.0
0.0
0.0
0.0
0.0
0.0
0.0
0.0
0.0
0.0
0.0
0.0
0.0
0.0
0.0
0.0
0.0
0.0
0.0
0.0
0.0
0.0
0.0
0.0
0.0
0.0
0.0
0.0
0.0
0.0
0.0
0.0
0.0
0.0
0.0
0.0
0.0
0.0
0.0
0.0
0.0
0.0
0.0
0.0
0.0
0.0
0.0
0.0
0.0
0.0
0.0
0.0
0.0
0.0
0.0
0.0
0.0
0.0
0.0
0.0
0.0
0.0
0.0
0.0
0.0
0.0
0.0
0.0
0.0
0.0
0.0
0.0
0.0
0.0
0.0
0.0
0.0
0.0
0.0
0.0
0.0
0.0
0.0
0.0
0.0
0.0
0.0
0.0
0.0
0.0
0.0
0.0
0.0
0.0
0.0
0.0
0.0
0.0
0.0
0.0
0.0
0.0
0.0
0.0
0.0
0.0
0.0
0.0
0.0
0.0
0.0
0.0
0.0
0.0
0.0
0.0
0.0
0.0
0.0
0.0
0.0
0.0
0.0
0.0
0.0
0.0
0.0
0.0
0.0
0.0
0.0
0.0
0.0
0.0
0.0
0.0
0.0
0.0
0.0
0.0
0.0
0.0
0.0
0.0
0.0
0.0
0.0
0.0
0.0
0.0
0.0
0.0
0.0
0.0
0.0
0.0
0.0
0.0
0.0
0.0
0.0
0.0
0.0
0.0
0.0
0.0
0.0
0.0
0.0
0.0
0.0
0.0
0.0
0.0
0.0
0.0
0.0
0.0
0.0
0.0
0.0
0.0
0.0
0.0
0.0
0.0
0.0
0.0
0.0
0.0
0.0
0.0
0.0
0.0
0.0
0.0
0.0
0.0
0.0
0.0
0.0
0.0
0.0
0.0
0.0
0.0
0.0
0.0
0.0
0.0
0.0
0.0
0.0
0.0
0.0
0.0
0.0
0.0
0.0
0.0
0.0
0.0
0.0
0.0
0.0
0.0
0.0
0.0
0.0
0.0
0.0
0.0
0.0
0.0
0.0
0.0
0.0
0.0
0.0
0.0
0.0
0.0
0.0
0.0
0.0
0.0
0.0
0.0
0.0
0.0
0.0
0.0
0.0
0.0
0.0
0.0
0.0
0.0
0.0
0.0
0.0
0.0
0.0
0.0
0.0
0.0
0.0
0.0
0.0
0.0
0.0
0.0
0.0
0.0
0.0
0.0
0.0
0.0
0.0
0.0
0.0
0.0
0.0
0.0
0.0
0.0
0.0
0.0
0.0
0.0
0.0
0.0
0.0
0.0
0.0
0.0
0.0
0.0
0.0
0.0
0.0
0.0
0.0
0.0
0.0
0.0
0.0
0.0
0.0
0.0
0.0
0.0
0.0
0.0
0.0
0.0
0.0
0.0
0.0
0.0
0.0
0.0
0.0
0.0
0.0
0.0
0.0
0.0
0.0
0.0
0.0
0.0
0.0
0.0
0.0
0.0
0.0
0.0
0.0
0.0
0.0
0.0
0.0
0.0
0.0
0.0
0.0
0.0
0.0
0.0
0.0
0.0
0.0
0.0
0.0
0.0
0.0
0.0
0.0
0.0
0.0
0.0
0.0
0.0
0.0
0.0
0.0
0.0
0.0
0.0
0.0
0.0
0.0
0.0
0.0
0.0
0.0
0.0
0.0
0.0
0.0
0.0
0.0
0.0
0.0
0.0
0.0
0.0
0.0
0.0
0.0
0.0
0.0
0.0
0.0
0.0
0.0
0.0
0.0
0.0
0.0
0.0
0.0
0.0
0.0
0.0
0.0
0.0
0.0
0.0
0.0
0.0
0.0
0.0
0.0
0.0
0.0
0.0
0.0
0.0
0.0
0.0
0.0
0.0
0.0
0.0
0.0
0.0
0.0
0.0
0.0
0.0
0.0
0.0
0.0
0.0
0.0
0.0
0.0
0.0
0.0
0.0
0.0
0.0
0.0
0.0
0.0
0.0
0.0
0.0
0.0
0.0
0.0
0.0
0.0
0.0
0.0
0.0
0.0
0.0
0.0
0.0
0.0
0.0
0.0
0.0
0.0
0.0
0.0
0.0
0.0
0.0
0.0
0.0
0.0
0.0
0.0
0.0
0.0
0.0
0.0
0.0
0.0
0.0
0.0
0.0
0.0
0.0
0.0
0.0
0.0
0.0
0.0
0.0
0.0
0.0
0.0
0.0
0.0
0.0
0.0
0.0
0.0
0.0
0.0
0.0
0.0
0.0
0.0
0.0
0.0
0.0
0.0
0.0
0.0
0.0
0.0
0.0
0.0
0.0
0.0
0.0
0.0
0.0
0.0
0.0
0.0
0.0
0.0
0.0
0.0
0.0
0.0
0.0
0.0
0.0
0.0
0.0
0.0
0.0
0.0
0.0
0.0
0.0
0.0
0.0
0.0
0.0
0.0
0.0
0.0
0.0
0.0
0.0
0.0
0.0
0.0
0.0
0.0
0.0
0.0
0.0
0.0
0.0
0.0
0.0
0.0
0.0
0.0
0.0
0.0
0.0
0.0
0.0
0.0
0.0
0.0
0.0
0.0
0.0
0.0
0.0
0.0
0.0
0.0
0.0
0.0
0.0
0.0
0.0
0.0
0.0
0.0
0.0
0.0
0.0
0.0
0.0
0.0
0.0
0.0
0.0
0.0
0.0
0.0
0.0
0.0
0.0
0.0
0.0
0.0
0.0
0.0
0.0
0.0
0.0
0.0
0.0
0.0
0.0
0.0
0.0
0.0
0.0
0.0
0.0
0.0
0.0
0.0
0.0
0.0
0.0
0.0
0.0
0.0
0.0
0.0
0.0
0.0
0.0
0.0
0.0
0.0
0.0
0.0
0.0
0.0
0.0
0.0
0.0
0.0
0.0
0.0
0.0
0.0
0.0
0.0
0.0
0.0
0.0
0.0
0.0
0.0
0.0
0.0
0.0
0.0
0.0
0.0
0.0
0.0
0.0
0.0
0.0
0.0
0.0
0.0
0.0
0.0
0.0
0.0
0.0
0.0
0.0
0.0
0.0
0.0
0.0
0.0
0.0
0.0
0.0
0.0
0.0
0.0
0.0
0.0
0.0
0.0
0.0
0.0
0.0
0.0
0.0
0.0
0.0
0.0
0.0
0.0
0.0
0.0
0.0
0.0
0.0
0.0
0.0
0.0
0.0
0.0
0.0
0.0
0.0
0.0
0.0
0.0
0.0
0.0
0.0
0.0
0.0
0.0
0.0
0.0
0.0
0.0
0.0
0.0
0.0
0.0
0.0
0.0
0.0
0.0
0.0
0.0
0.0
0.0
0.0
0.0
0.0
0.0
0.0
0.0
0.0
0.0
0.0
0.0
0.0
0.0
0.0
0.0
0.0
0.0
0.0
0.0
0.0
0.0
0.0
0.0
0.0
0.0
0.0
0.0
0.0
0.0
0.0
0.0
0.0
0.0
0.0
0.0
0.0
0.0
0.0
0.0
0.0
0.0
0.0
0.0
0.0
0.0
0.0
0.0
0.0
0.0
0.0
0.0
0.0
0.0
0.0
0.0
0.0
0.0
0.0
0.0
0.0
0.0
0.0
0.0
0.0
0.0
0.0
0.0
0.0
0.0
0.0
0.0
0.0
0.0
0.0
0.0
0.0
0.0
0.0
0.0
0.0
0.0
0.0
0.0
0.0
0.0
0.0
0.0
0.0
0.0
0.0
0.0
0.0
0.0
0.0
0.0
0.0
0.0
0.0
0.0
0.0
0.0
0.0
0.0
0.0
0.0
0.0
0.0
0.0
0.0
0.0
0.0
0.0
0.0
0.0
0.0
0.0
0.0
0.0
0.0
0.0
0.0
0.0
0.0
0.0
0.0
0.0
0.0
0.0
0.0
0.0
0.0
0.0
0.0
0.0
0.0
0.0
0.0
0.0
0.0
0.0
0.0
0.0
0.0
0.0
0.0
0.0
0.0
0.0
0.0
0.0
0.0
0.0
0.0
0.0
0.0
0.0
0.0
0.0
0.0
0.0
0.0
0.0
0.0
0.0
0.0
0.0
0.0
0.0
0.0
0.0
0.0
0.0
0.0
0.0
0.0
0.0
0.0
0.0
0.0
0.0
0.0
0.0
0.0
0.0
0.0
0.0
0.0
0.0
0.0
0.0
0.0
0.0
0.0
0.0
0.0
0.0
0.0
0.0
0.0
0.0
0.0
0.0
0.0
0.0
0.0
0.0
0.0
0.0
0.0
0.0
0.0
0.0
0.0
0.0
0.0
0.0
0.0
0.0
0.0
0.0
0.0
0.0
0.0
0.0
0.0
0.0
0.0
0.0
0.0
0.0
0.0
0.0
0.0
0.0
0.0
0.0
0.0
0.0
0.0
0.0
0.0
0.0
0.0
0.0
0.0
0.0
0.0
0.0
0.0
0.0
0.0
0.0
0.0
0.0
0.0
0.0
0.0
0.0
0.0
0.0
0.0
0.0
0.0
0.0
0.0
0.0
0.0
0.0
0.0
0.0
0.0
0.0
0.0
0.0
0.0
0.0
0.0
0.0
0.0
0.0
0.0
0.0
0.0
0.0
0.0
0.0
0.0
0.0
0.0
0.0
0.0
0.0
0.0
0.0
0.0
0.0
0.0
0.0
0.0
0.0
0.0
0.0
0.0
0.0
0.0
0.0
0.0
0.0
0.0
0.0
0.0
0.0
0.0
0.0
0.0
0.0
0.0
0.0
0.0
0.0
0.0
0.0
0.0
0.0
0.0
0.0
0.0
0.0
0.0
0.0
0.0
0.0
0.0
0.0
0.0
0.0
0.0
0.0
0.0
0.0
0.0
0.0
0.0
0.0
0.0
0.0
0.0
0.0
0.0
0.0
0.0
0.0
0.0
0.0
0.0
0.0
0.0
0.0
0.0
0.0
0.0
0.0
0.0
0.0
0.0
0.0
0.0
0.0
0.0
0.0
0.0
0.0
0.0
0.0
0.0
0.0
0.0
0.0
0.0
0.0
0.0
0.0
0.0
0.0
0.0
0.0
0.0
0.0
0.0
0.0
0.0
0.0
0.0
0.0
0.0
0.0
0.0
0.0
0.0
0.0
0.0
0.0
0.0
0.0
0.0
0.0
0.0
0.0
0.0
0.0
0.0
0.0
0.0
0.0
0.0
0.0
0.0
0.0
0.0
0.0
0.0
0.0
0.0
0.0
0.0
0.0
0.0
0.0
0.0
0.0
0.0
0.0
0.0
0.0
0.0
0.0
0.0
0.0
0.0
0.0
0.0
0.0
0.0
0.0
0.0
0.0
0.0
0.0
0.0
0.0
0.0
0.0
0.0
0.0
0.0
0.0
0.0
0.0
0.0
0.0
0.0
0.0
0.0
0.0
0.0
0.0
0.0
0.0
0.0
0.0
0.0
0.0
0.0
0.0
0.0
0.0
0.0
0.0
0.0
0.0
0.0
0.0
0.0
0.0
0.0
0.0
0.0
0.0
0.0
0.0
0.0
0.0
0.0
0.0
0.0
0.0
0.0
0.0
0.0
0.0
0.0
0.0
0.0
0.0
0.0
0.0
0.0
0.0
0.0
0.0
0.0
0.0
0.0
0.0
0.0
0.0
0.0
0.0
0.0
0.0
0.0
0.0
0.0
0.0
0.0
0.0
0.0
0.0
0.0
0.0
0.0
0.0
0.0
0.0
0.0
0.0
0.0
0.0
0.0
0.0
0.0
0.0
0.0
0.0
0.0
0.0
0.0
0.0
0.0
0.0
0.0
0.0
0.0
0.0
0.0
0.0
0.0
0.0
0.0
0.0
0.0
0.0
0.0
0.0
0.0
0.0
0.0
0.0
0.0
0.0
0.0
0.0
0.0
0.0
0.0
0.0
0.0
0.0
0.0
0.0
0.0
0.0
0.0
0.0
0.0
0.0
0.0
0.0
0.0
0.0
0.0
0.0
0.0
0.0
0.0
0.0
0.0
0.0
0.0
0.0
0.0
0.0
0.0
0.0
0.0
0.0
0.0
0.0
0.0
0.0
0.0
0.0
0.0
0.0
0.0
0.0
0.0
0.0
0.0
0.0
0.0
0.0
0.0
0.0
0.0
0.0
0.0
0.0
0.0
0.0
0.0
0.0
0.0
0.0
0.0
0.0
0.0
0.0
0.0
0.0
0.0
0.0
0.0
0.0
0.0
0.0
0.0
0.0
0.0
0.0
0.0
0.0
0.0
0.0
0.0
0.0
0.0
0.0
0.0
0.0
0.0
0.0
0.0
0.0
0.0
0.0
0.0
0.0
0.0
0.0
0.0
0.0
0.0
0.0
0.0
0.0
0.0
0.0
0.0
0.0
0.0
0.0
0.0
0.0
0.0
0.0
0.0
0.0
0.0
0.0
0.0
0.0
0.0
0.0
0.0
0.0
0.0
0.0
0.0
0.0
0.0
0.0
0.0
0.0
0.0
0.0
0.0
0.0
0.0
0.0
0.0
0.0
0.0
0.0
0.0
0.0
0.0
0.0
0.0
0.0
0.0
0.0
0.0
0.0
0.0
0.0
0.0
0.0
0.0
0.0
0.0
0.0
0.0
0.0
0.0
0.0
0.0
0.0
0.0
0.0
0.0
0.0
0.0
0.0
0.0
0.0
0.0
0.0
0.0
0.0
0.0
0.0
0.0
0.0
0.0
0.0
0.0
0.0
0.0
0.0
0.0
0.0
0.0
0.0
0.0
0.0
0.0
0.0
0.0
0.0
0.0
0.0
0.0
0.0
0.0
0.0
0.0
0.0
0.0
0.0
0.0
0.0
0.0
0.0
0.0
0.0
0.0
0.0
0.0
0.0
0.0
0.0
0.0
0.0
0.0
0.0
0.0
0.0
0.0
0.0
0.0
0.0
0.0
0.0
0.0
0.0
0.0
0.0
0.0
0.0
0.0
0.0
0.0
0.0
0.0
0.0
0.0
0.0
0.0
0.0
0.0
0.0
0.0
0.0
0.0
0.0
0.0
0.0
0.0
0.0
0.0
0.0
0.0
0.0
0.0
0.0
0.0
0.0
0.0
0.0
0.0
0.0
0.0
0.0
0.0
0.0
0.0
0.0
0.0
0.0
0.0
0.0
0.0
0.0
0.0
0.0
0.0
0.0
0.0
0.0
0.0
0.0
0.0
0.0
0.0
0.0
0.0
0.0
0.0
0.0
0.0
0.0
0.0
0.0
0.0
0.0
0.0
0.0
0.0
0.0
0.0
0.0
0.0
0.0
0.0
0.0
0.0
0.0
0.0
0.0
0.0
0.0
0.0
0.0
0.0
0.0
0.0
0.0
0.0
0.0
0.0
0.0
0.0
0.0
0.0
0.0
0.0
0.0
0.0
0.0
0.0
0.0
0.0
0.0
0.0
0.0
0.0
0.0
0.0
0.0
0.0
0.0
0.0
0.0
0.0
0.0
0.0
0.0
0.0
0.0
0.0
0.0
0.0
0.0
0.0
0.0
0.0
0.0
0.0
0.0
0.0
0.0
0.0
0.0
0.0
0.0
0.0
0.0
0.0
0.0
0.0
0.0
0.0
0.0
0.0
0.0
0.0
0.0
0.0
0.0
0.0
0.0
0.0
0.0
0.0
0.0
0.0
0.0
0.0
0.0
0.0
0.0
0.0
0.0
0.0
0.0
0.0
0.0
0.0
0.0
0.0
0.0
0.0
0.0
0.0
0.0
0.0
0.0
0.0
0.0
0.0
0.0
0.0
0.0
0.0
0.0
0.0
0.0
0.0
0.0
0.0
0.0
0.0
0.0
0.0
0.0
0.0
0.0
0.0
0.0
0.0
0.0
0.0
0.0
0.0
0.0
0.0
0.0
0.0
0.0
0.0
0.0
0.0
0.0
0.0
0.0
0.0
0.0
0.0
0.0
0.0
0.0
0.0
0.0
0.0
0.0
0.0
0.0
0.0
0.0
0.0
0.0
0.0
0.0
0.0
0.0
0.0
0.0
0.0
0.0
0.0
0.0
0.0
0.0
0.0
0.0
0.0
0.0
0.0
0.0
0.0
0.0
0.0
0.0
0.0
0.0
0.0
0.0
0.0
0.0
0.0
0.0
0.0
0.0
0.0
0.0
0.0
0.0
0.0
0.0
0.0
0.0
0.0
0.0
0.0
0.0
0.0
0.0
0.0
0.0
0.0
0.0
0.0
0.0
0.0
0.0
0.0
0.0
0.0
0.0
0.0
0.0
0.0
0.0
0.0
0.0
0.0
0.0
0.0
0.0
0.0
0.0
0.0
0.0
0.0
0.0
0.0
0.0
0.0
0.0
0.0
0.0
0.0
0.0
0.0
0.0
0.0
0.0
0.0
0.0
0.0
0.0
0.0
0.0
0.0
0.0
0.0
0.0
0.0
0.0
0.0
0.0
0.0
0.0
0.0
0.0
0.0
0.0
0.0
0.0
0.0
0.0
0.0
0.0
0.0
0.0
0.0
0.0
0.0
0.0
0.0
0.0
0.0
0.0
0.0
0.0
0.0
0.0
0.0
0.0
0.0
0.0
0.0
0.0
0.0
0.0
0.0
0.0
0.0
0.0
0.0
0.0
0.0
0.0
0.0
0.0
0.0
0.0
0.0
0.0
0.0
0.0
0.0
0.0
0.0
0.0
0.0
0.0
0.0
0.0
0.0
0.0
0.0
0.0
0.0
0.0
0.0
0.0
0.0
0.0
0.0
0.0
0.0
0.0
0.0
0.0
0.0
0.0
0.0
0.0
0.0
0.0
0.0
0.0
0.0
0.0
0.0
0.0
0.0
0.0
0.0
0.0
0.0
0.0
0.0
0.0
0.0
0.0
0.0
0.0
0.0
0.0
0.0
0.0
0.0
0.0
0.0
0.0
0.0
0.0
0.0
0.0
0.0
0.0
0.0
0.0
0.0
0.0
0.0
0.0
0.0
0.0
0.0
0.0
0.0
0.0
0.0
0.0
0.0
0.0
0.0
0.0
0.0
0.0
0.0
0.0
0.0
0.0
0.0
0.0
0.0
0.0
0.0
0.0
0.0
0.0
0.0
0.0
0.0
0.0
0.0
0.0
0.0
0.0
0.0
0.0
0.0
0.0
0.0
0.0
0.0
0.0
0.0
0.0
0.0
0.0
0.0
0.0
0.0
0.0
0.0
0.0
0.0
0.0
0.0
0.0
0.0
0.0
0.0
0.0
0.0
0.0
0.0
0.0
0.0
0.0
0.0
0.0
0.0
0.0
0.0
0.0
0.0
0.0
0.0
0.0
0.0
0.0
0.0
0.0
0.0
0.0
0.0
0.0
0.0
0.0
0.0
0.0
0.0
0.0
0.0
0.0
0.0
0.0
0.0
0.0
0.0
0.0
0.0
0.0
0.0
0.0
0.0
0.0
0.0
0.0
0.0
0.0
0.0
0.0
0.0
0.0
0.0
0.0
0.0
0.0
0.0
0.0
0.0
0.0
0.0
0.0
0.0
0.0
0.0
0.0
0.0
0.0
0.0
0.0
0.0
0.0
0.0
0.0
0.0
0.0
0.0
0.0
0.0
0.0
0.0
0.0
0.0
0.0
0.0
0.0
0.0
0.0
0.0
0.0
0.0
0.0
0.0
0.0
0.0
0.0
0.0
0.0
0.0
0.0
0.0
0.0
0.0
0.0
0.0
0.0
0.0
0.0
0.0
0.0
0.0
0.0
0.0
0.0
0.0
0.0
0.0
0.0
0.0
0.0
0.0
0.0
0.0
0.0
0.0
0.0
0.0
0.0
0.0
0.0
0.0
0.0
0.0
0.0
0.0
0.0
0.0
0.0
0.0
0.0
0.0
0.0
0.0
0.0
0.0
0.0
0.0
0.0
0.0
0.0
0.0
0.0
0.0
0.0
0.0
0.0
0.0
0.0
0.0
0.0
0.0
0.0
0.0
0.0
0.0
0.0
0.0
0.0
0.0
0.0
0.0
0.0
0.0
0.0
0.0
0.0
0.0
0.0
0.0
0.0
0.0
0.0
0.0
0.0
0.0
0.0
0.0
0.0
0.0
0.0
0.0
0.0
0.0
0.0
0.0
0.0
0.0
0.0
0.0
0.0
0.0
0.0
0.0
0.0
0.0
0.0
0.0
0.0
0.0
0.0
0.0
0.0
0.0
0.0
0.0
0.0
0.0
0.0
0.0
0.0
0.0
0.0
0.0
0.0
0.0
0.0
0.0
0.0
0.0
0.0
0.0
0.0
0.0
0.0
0.0
0.0
0.0
0.0
0.0
0.0
0.0
0.0
0.0
0.0
0.0
0.0
0.0
0.0
0.0
0.0
0.0
0.0
0.0
0.0
0.0
0.0
0.0
0.0
0.0
0.0
0.0
0.0
0.0
0.0
0.0
0.0
0.0
0.0
0.0
0.0
0.0
0.0
0.0
0.0
0.0
0.0
0.0
0.0
0.0
0.0
0.0
0.0
0.0
0.0
0.0
0.0
0.0
0.0
0.0
0.0
0.0
0.0
0.0
0.0
0.0
0.0
0.0
0.0
0.0
0.0
0.0
0.0
0.0
0.0
0.0
0.0
0.0
0.0
0.0
0.0
0.0
0.0
0.0
0.0
0.0
0.0
0.0
0.0
0.0
0.0
0.0
0.0
0.0
0.0
0.0
0.0
0.0
0.0
0.0
0.0
0.0
0.0
0.0
0.0
0.0
0.0
0.0
0.0
0.0
0.0
0.0
0.0
0.0
0.0
0.0
0.0
0.0
0.0
0.0
0.0
0.0
0.0
0.0
0.0
0.0
0.0
0.0
0.0
0.0
0.0
0.0
0.0
0.0
0.0
0.0
0.0
0.0
0.0
0.0
0.0
0.0
0.0
0.0
0.0
0.0
0.0
0.0
0.0
0.0
0.0
0.0
0.0
0.0
0.0
0.0
0.0
0.0
0.0
0.0
0.0
0.0
0.0
0.0
0.0
0.0
0.0
0.0
0.0
0.0
0.0
0.0
0.0
0.0
0.0
0.0
0.0
0.0
0.0
0.0
0.0
0.0
0.0
0.0
0.0
0.0
0.0
0.0
0.0
0.0
0.0
0.0
0.0
0.0
0.0
0.0
0.0
0.0
0.0
0.0
0.0
0.0
0.0
0.0
0.0
0.0
0.0
0.0
0.0
0.0
0.0
0.0
0.0
0.0
0.0
0.0
0.0
0.0
0.0
0.0
0.0
0.0
0.0
0.0
0.0
0.0
0.0
0.0
0.0
0.0
0.0
0.0
0.0
0.0
0.0
0.0
0.0
0.0
0.0
0.0
0.0
0.0
0.0
0.0
0.0
0.0
0.0
0.0
0.0
0.0
0.0
0.0
0.0
0.0
0.0
0.0
0.0
0.0
0.0
0.0
0.0
0.0
0.0
0.0
0.0
0.0
0.0
0.0
0.0
0.0
0.0
0.0
0.0
0.0
0.0
0.0
0.0
0.0
0.0
0.0
0.0
0.0
0.0
0.0
0.0
0.0
0.0
0.0
0.0
0.0
0.0
0.0
0.0
0.0
0.0
0.0
0.0
0.0
0.0
0.0
0.0
0.0
0.0
0.0
0.0
0.0
0.0
0.0
0.0
0.0
0.0
0.0
0.0
0.0
0.0
0.0
0.0
0.0
0.0
0.0
0.0
0.0
0.0
0.0
0.0
0.0
0.0
0.0
0.0
0.0
0.0
0.0
0.0
0.0
0.0
0.0
0.0
0.0
0.0
0.0
0.0
0.0
0.0
0.0
0.0
0.0
0.0
0.0
0.0
0.0
0.0
0.0
0.0
0.0
0.0
0.0
0.0
0.0
0.0
0.0
0.0
0.0
0.0
0.0
0.0
0.0
0.0
0.0
0.0
0.0
0.0
0.0
0.0
0.0
0.0
0.0
0.0
0.0
0.0
0.0
0.0
0.0
0.0
0.0
0.0
0.0
0.0
0.0
0.0
0.0
0.0
0.0
0.0
0.0
0.0
0.0
0.0
0.0
0.0
0.0
0.0
0.0
0.0
0.0
0.0
0.0
0.0
0.0
0.0
0.0
0.0
0.0
0.0
0.0
0.0
0.0
0.0
0.0
0.0
0.0
0.0
0.0
0.0
0.0
0.0
0.0
0.0
0.0
0.0
0.0
0.0
0.0
0.0
0.0
0.0
0.0
0.0
0.0
0.0
0.0
0.0
0.0
0.0
0.0
0.0
0.0
0.0
0.0
0.0
0.0
0.0
0.0
0.0
0.0
0.0
0.0
0.0
0.0
0.0
0.0
0.0
0.0
0.0
0.0
0.0
0.0
0.0
0.0
0.0
0.0
0.0
0.0
0.0
0.0
0.0
0.0
0.0
0.0
0.0
0.0
0.0
0.0
0.0
0.0
0.0
0.0
0.0
0.0
0.0
0.0
0.0
0.0
0.0
0.0
0.0
0.0
0.0
0.0
0.0
0.0
0.0
0.0
0.0
0.0
0.0
0.0
0.0
0.0
0.0
0.0
0.0
0.0
0.0
0.0
0.0
0.0
0.0
0.0
0.0
0.0
0.0
0.0
0.0
0.0
0.0
0.0
0.0
0.0
0.0
0.0
0.0
0.0
0.0
0.0
0.0
0.0
0.0
0.0
0.0
0.0
0.0
0.0
0.0
0.0
0.0
0.0
0.0
0.0
0.0
0.0
0.0
0.0
0.0
0.0
0.0
0.0
0.0
0.0
0.0
0.0
0.0
0.0
0.0
0.0
0.0
0.0
0.0
0.0
0.0
0.0
0.0
0.0
0.0
0.0
0.0
0.0
0.0
0.0
0.0
0.0
0.0
0.0
0.0
0.0
0.0
0.0
0.0
0.0
0.0
0.0
0.0
0.0
0.0
0.0
0.0
0.0
0.0
0.0
0.0
0.0
0.0
0.0
0.0
0.0
0.0
0.0
0.0
0.0
0.0
0.0
0.0
0.0
0.0
0.0
0.0
0.0
0.0
0.0
0.0
0.0
0.0
0.0
0.0
0.0
0.0
0.0
0.0
0.0
0.0
0.0
0.0
0.0
0.0
0.0
0.0
0.0
0.0
0.0
0.0
0.0
0.0
0.0
0.0
0.0
0.0
0.0
0.0
0.0
0.0
0.0
0.0
0.0
0.0
0.0
0.0
0.0
0.0
0.0
0.0
0.0
0.0
0.0
0.0
0.0
0.0
0.0
0.0
0.0
0.0
0.0
0.0
0.0
0.0
0.0
0.0
0.0
0.0
0.0
0.0
0.0
0.0
0.0
0.0
0.0
0.0
0.0
0.0
0.0
0.0
0.0
0.0
0.0
0.0
0.0
0.0
0.0
0.0
0.0
0.0
0.0
0.0
0.0
0.0
0.0
0.0
0.0
0.0
0.0
0.0
0.0
0.0
0.0
0.0
0.0
0.0
0.0
0.0
0.0
0.0
0.0
0.0
0.0
0.0
0.0
0.0
0.0
0.0
0.0
0.0
0.0
0.0
0.0
0.0
0.0
0.0
0.0
0.0
0.0
0.0
0.0
0.0
0.0
0.0
0.0
0.0
0.0
0.0
0.0
0.0
0.0
0.0
0.0
0.0
0.0
0.0
0.0
0.0
0.0
0.0
0.0
0.0
0.0
0.0
0.0
0.0
0.0
0.0
0.0
0.0
0.0
0.0
0.0
0.0
0.0
0.0
0.0
0.0
0.0
0.0
0.0
0.0
0.0
0.0
0.0
0.0
0.0
0.0
0.0
0.0
0.0
0.0
0.0
0.0
0.0
0.0
0.0
0.0
0.0
0.0
0.0
0.0
0.0
0.0
0.0
0.0
0.0
0.0
0.0
0.0
0.0
0.0
0.0
0.0
0.0
0.0
0.0
0.0
0.0
0.0
0.0
0.0
0.0
0.0
0.0
0.0
0.0
0.0
0.0
0.0
0.0
0.0
0.0
0.0
0.0
0.0
0.0
0.0
0.0
0.0
0.0
0.0
0.0
0.0
0.0
0.0
0.0
0.0
0.0
0.0
0.0
0.0
0.0
0.0
0.0
0.0
0.0
0.0
0.0
0.0
0.0
0.0
0.0
0.0
0.0
0.0
0.0
0.0
0.0
0.0
0.0
0.0
0.0
0.0
0.0
0.0
0.0
0.0
0.0
0.0
0.0
0.0
0.0
0.0
0.0
0.0
0.0
0.0
0.0
0.0
0.0
0.0
0.0
0.0
0.0
0.0
0.0
0.0
0.0
0.0
0.0
0.0
0.0
0.0
0.0
0.0
0.0
0.0
0.0
0.0
0.0
0.0
0.0
0.0
0.0
0.0
0.0
0.0
0.0
0.0
0.0
0.0
0.0
0.0
0.0
0.0
0.0
0.0
0.0
0.0
0.0
0.0
0.0
0.0
0.0
0.0
0.0
0.0
0.0
0.0
0.0
0.0
0.0
0.0
0.0
0.0
0.0
0.0
0.0
0.0
0.0
0.0
0.0
0.0
0.0
0.0
0.0
0.0
0.0
0.0
0.0
0.0
0.0
0.0
0.0
0.0
0.0
0.0
0.0
0.0
0.0
0.0
0.0
0.0
0.0
0.0
0.0
0.0
0.0
0.0
0.0
0.0
0.0
0.0
0.0
0.0
0.0
0.0
0.0
0.0
0.0
0.0
0.0
0.0
0.0
0.0
0.0
0.0
0.0
0.0
0.0
0.0
0.0
0.0
0.0
0.0
0.0
0.0
0.0
0.0
0.0
0.0
0.0
0.0
0.0
0.0
0.0
0.0
0.0
0.0
0.0
0.0
0.0
0.0
