-1.4797305016589832
-0.1623207668871732
-0.15890437641137642
-0.14058312542556017
-0.2045004793141529
-0.20137023771188006
-0.18258644951615483
-0.23561769120365447
-0.232005512429575
-0.21529619177810255
-0.26010425371193235
-0.25727222950216483
-0.2471246547634693
-0.2787042656219375
-0.2762342985719897
-0.26859548908984715
-0.2899625067035628
-0.28648389398953056
-0.27892643833417996
-0.2974803951020529
-0.29486651481546544
-0.2865190026938453
-0.30090759962008173
-0.2969521391100335
-0.2883533914038562
-0.2994688971792499
-0.2959517027724172
-0.2880750784265095
-0.29377153841801507
-0.29099551478397856
-0.2825244503520658
-0.2867729903221415
-0.2835220282985123
-0.27751469533599277
-0.15600592560389426
-0.15898031633013388
-0.16681052115291234
-0.1651071802390234
-0.16890959054357993
-0.17465602424603865
-0.17552640781264178
-0.17803754165783445
-0.18388819111189883
-0.18556333277574144
-0.18695705962176187
-0.19288344199753893
-0.19628520376456143
-0.1969694674476239
-0.20352168280102279
-0.20627140307278594
-0.20746053541720225
-0.21313813722934613
-0.2118087197442543
-0.21399641911912884
-0.21855405609098807
-0.20989859557736276
-0.21157013506112296
-0.21502208916830542
-0.19965973317547323
-0.20061413562376154
-0.20297696968407108
-0.18067447122861663
-0.18199585270195986
-0.1849031090247315
-0.1510997248621476
-0.15362380503103013
-0.15510285588735914
-0.19309954564089016
-0.1912925551871366
-0.1855326275324198
-0.22899205495580266
-0.22498342000316054
-0.21844720146595492
-0.25450199655555134
-0.2501797525801416
-0.24756508140215927
-0.27734545689684764
-0.27357413233090105
-0.2765311875954309
-0.2914605350186026
-0.28927703707745356
-0.29601902580139455
-0.301716191387104
-0.3019230442830801
-0.31122581239501995
-0.3120874056874348
-0.31241970036863315
-0.3233245686890252
-0.3185490853019106
-0.319963481542392
-0.3303304584472804
-0.32396702403518685
-0.3260830190984816
-0.33646743457115574
-0.32711474630105186
-0.331198641057295
-0.3412321323193553
-0.330537292635382
-0.33510218935973113
-0.3431789632418018
-0.33270929432207835
-0.3379413428454719
-0.34389525034208895
-0.3328275536554264
-0.3372748412639009
-0.34185751278779514
-0.3304046744392453
-0.33404654317155363
-0.3398658177093398
-0.3255421496533789
-0.3284599871662028
-0.3350844195148427
-0.31994897090308955
-0.32347652392289383
-0.32972664451314637
-0.3107330640321154
-0.3139153442736776
-0.32039952595735427
-0.2969774893537518
-0.30004432116196095
-0.30628027045204986
-0.27872552663151884
-0.2804788572308115
-0.2879526006581167
-0.25093353930878226
-0.2531338356902698
-0.261498389256791
-0.21591845543514857
-0.22000046702488854
-0.22847963552696493
-0.1972793515819823
-0.19352082942247628
-0.18494573138621478
-0.23992037066840566
-0.23432893758776221
-0.22431683705758645
-0.2703217268059691
-0.26441689381958566
-0.25553378928663206
-0.296154888237518
-0.2917021683057482
-0.2883462339810427
-0.3140067547233315
-0.3101333024492598
-0.3100335443608203
-0.3262924465828612
-0.3229534063802259
-0.3223887498800963
-0.335924758201074
-0.33360986234679896
-0.3329049623781093
-0.3422218860539578
-0.34051351758108617
-0.3391836533126269
-0.3480132604966909
-0.3456954695518851
-0.34556579346976796
-0.3513847150304476
-0.34969349798353944
-0.35184192869390085
-0.35280588735748103
-0.35155519590150247
-0.3541389124143188
-0.3523791923503158
-0.3521812901578906
-0.35360948740313247
-0.3509359229195917
-0.3506741641834603
-0.35350196462252015
-0.34918001483076916
-0.3483586014483708
-0.3525045183249285
-0.3445372638458575
-0.34392310959619105
-0.3497793418299315
-0.33879310569848203
-0.3380728914284311
-0.34686117608825473
-0.32994371424655694
-0.32952724190324245
-0.34151188451160946
-0.3162169489975536
-0.317322059270337
-0.3321806327428335
-0.30102133547424814
-0.30084133611027886
-0.3166568202007524
-0.2829392467430578
-0.28597361042788133
-0.30077442736055204
-0.2625271179448529
-0.26667344211123795
-0.28279445179021123
-0.38632937498943176
-0.3867388477400549
-0.3776945859523376
-0.3804400152528461
-0.38248373341969716
-0.37249336245058
-0.37607049838548356
-0.3774402170023351
-0.36693493803815164
-0.37186062888605903
-0.3729183749275713
-0.36200973580340035
-0.3672638093996728
-0.368125964611659
-0.3578596499677159
-0.3628332662948652
-0.3630442771445284
-0.3537834710893981
-0.35770889487159946
-0.3588824118839528
-0.35030082425399134
-0.3525845430532508
-0.35362338627506545
-0.3473912219136346
-0.34507766448611066
-0.3463040301835823
-0.3413634348557682
-0.33517878791020606
-0.33723973084640585
-0.33241171790496543
-0.3249432460024794
-0.3272510841066269
-0.3237740296112954
-0.17834555265043875
-0.17453743717682577
-0.1740146501118801
-0.18773051197796628
-0.18422747089214098
-0.18355327701954233
-0.19860499366553713
-0.19543456556642594
-0.19405759449066817
-0.2111291594143932
-0.20814260863613052
-0.20554306615266418
-0.22532659469911978
-0.22247639072380315
-0.2191810075641181
-0.2404271862796143
-0.23805720141637585
-0.23356570551716843
-0.2549123232323652
-0.25357265787264
-0.24789606931787725
-0.26641177049354403
-0.2659969753580744
-0.26045352409163913
-0.27568546390654686
-0.2762814841122448
-0.26990379225308264
-0.2848379063568044
-0.28596475847379055
-0.27946459657786826
-0.29370875802088314
-0.29506727836709024
-0.2888910231032167
-0.3013519415638502
-0.3032962578518181
-0.29653729117437505
-0.30806372812654975
-0.3100999454943129
-0.3037361077079381
-0.31524429301270834
-0.31679321672067734
-0.3114295326916885
-0.32257413771276305
-0.3237565155943668
-0.3198901387069953
-0.3299418406347221
-0.33079286280436193
-0.3285923171962939
-0.33585094608812127
-0.3369833746165517
-0.33608214723756685
-0.3419415604009725
-0.3427262292777631
-0.34371181418860985
-0.34592601347038326
-0.3469456416260311
-0.34950085337626907
-0.3498929287927908
-0.35057018458343764
-0.354984633634467
-0.3522547382557859
-0.3536781511610355
-0.35905464528152536
-0.3548142791642575
-0.35669072255068823
-0.3620238700019307
-0.3567989287050243
-0.35877827791132744
-0.36360205580106075
-0.35842349781405525
-0.3602073571301111
-0.3650386421082902
-0.35892773535167666
-0.3615175213373749
-0.36587974429025705
-0.3592467040356026
-0.3621331815249451
-0.36499704539586186
-0.35964490061078647
-0.3622549214962707
-0.3636991906051101
-0.3596540450115896
-0.3614337868162604
-0.3622519509125528
-0.3592475361078242
-0.36141634863189254
-0.3612383883282186
-0.3594504744166153
-0.36107349514316794
-0.36144833773339224
-0.3592851776064387
-0.36087153994425103
-0.35934524818598956
-0.3601679809136982
-0.36118176526905155
-0.3588733855627805
-0.361059755507703
-0.36203605050388393
-0.3576684587238562
-0.3629399596074702
-0.3631094229902205
-0.35779305576624326
-0.3645696074894696
-0.3646406433127419
-0.35856643888802875
-0.36727627592539375
-0.3665170825397839
-0.3603264844335663
-0.36941381520750616
-0.3688638430990467
-0.36328469065647356
-0.37159972190896584
-0.37081658128691786
-0.3652788084802056
-0.3736014654269855
-0.37230744712022046
-0.3677200688433962
-0.37489759392310096
-0.37384454567455117
-0.36979027175613094
-0.37595945920318535
-0.37500199684443575
-0.37078246284056393
-0.3766431690314311
-0.3762913430396336
-0.37321550994353586
-0.3770887197110082
-0.37716821348700924
-0.37333264902727514
-0.37713291998302584
-0.3775677070651203
-0.3730408939359748
-0.3771591077073916
-0.3775152674181846
-0.37264619049898584
-0.376749358445676
-0.37707792227497944
-0.37149918392654707
-0.37491531199450523
-0.3760471164755672
-0.36921040997345245
-0.37311282573062765
-0.37422861951293696
-0.36637763931998996
-0.37061088300117684
-0.371371742452674
-0.36345363709619866
-0.36691295505336813
-0.36840610623109893
-0.36089749364007034
-0.3678920282304821
-0.36587338938211317
-0.3579650472605132
-0.36961890363886896
-0.37183668631545924
-0.3604375790497745
-0.3775419055235
-0.37909595718150296
-0.36959874079160504
-0.23515577527105433
-0.2335365393860765
-0.2236783073748267
-0.2542706122085193
-0.2530288322961437
-0.24204037333602216
-0.2716623389835356
-0.2697271036153034
-0.25867278585244435
-0.28736184032078327
-0.28459778759084464
-0.2735880244053308
-0.301830945576414
-0.29875706396111384
-0.2880871183143403
-0.3150530014250294
-0.3116608601374253
-0.3012765036793568
-0.32640618849477515
-0.3230839454043519
-0.31385321192694976
-0.33679135011157313
-0.333489932150177
-0.3259008312793796
-0.34762547048043924
-0.34450209418215605
-0.3394338414036179
-0.35767280115051386
-0.35505609683257316
-0.3533222200550231
-0.36685246755798795
-0.36501034193846704
-0.36329886220702323
-0.37613851836909284
-0.37351823435919373
-0.37356704346427355
-0.3823515771557576
-0.380610644612748
-0.3826661096469964
-0.38857937260292175
-0.3867756022179645
-0.38852804716723843
-0.394652337104163
-0.3926027494597756
-0.3938842098924807
-0.398753718169027
-0.3974945438113487
-0.39965721515636393
-0.40374396774729876
-0.40253182408231847
-0.4044817489886852
-0.40814241007582486
-0.4074185268397452
-0.40952686903382324
-0.4116072112597678
-0.41194118891022735
-0.4145651534286992
-0.41517435222396376
-0.4151190104846538
-0.41806932616175213
-0.4189268045238906
-0.4178897097175228
-0.4208676580276291
-0.4207462306409236
-0.4202802501406253
-0.4225813193295382
-0.42296092339106695
-0.4233258840734003
-0.42456255964118644
-0.42549597842343845
-0.425363243057009
-0.4267090614572779
-0.42700449377599947
-0.42714345891862865
-0.4290788260034595
-0.4290215451354422
-0.42856215603093983
-0.43009647675380097
-0.43071353973766613
-0.4300957311824788
-0.43151737505867516
-0.43096563119617437
-0.43118254535175093
-0.43237253205148996
-0.4314841709444372
-0.432075404229434
-0.43311222365332436
-0.43338968914450127
-0.434276786885374
-0.43419923011505773
-0.4335717238364643
-0.4338863460235624
-0.43617985363379164
-0.43415198595785537
-0.43588903107595806
-0.43765964479897007
-0.43515740693092114
-0.43637089201221735
-0.4371599394495303
-0.43532543024502307
-0.4363656647311582
-0.43797324539862714
-0.4356296418106925
-0.4366666961657039
-0.43689674210441265
-0.435093504449959
-0.4366968894268028
-0.4365486057848627
-0.434351757710419
-0.43775452177569274
-0.43653153882770024
-0.43295806126791053
-0.43593427396554785
-0.43562745241154366
-0.433086184402554
-0.43554789562434554
-0.433466888785087
-0.43310985255372925
-0.43368539591754496
-0.43334907821748736
-0.4318436395615901
-0.43132378070436983
-0.4321211203727997
-0.43045163168049005
-0.4310869506914526
-0.4313316291393435
-0.4285812154762401
-0.4310502348264435
-0.43072258061090085
-0.4278934186583713
-0.42956331006621146
-0.4297476638960452
-0.4254484892912108
-0.42791861827485866
-0.42972092348321844
-0.42586024380529297
-0.428254893865916
-0.42778854459568805
-0.42447236337978167
-0.4252874862626379
-0.426245357133677
-0.4231387000155737
-0.42427381988335683
-0.4270043738257989
-0.4211966035334545
-0.42132803760615645
-0.42485254686303275
-0.4163951425504876
-0.4183183198746318
-0.42212981253196286
-0.41449185635842634
-0.41430587373009925
-0.42016775556371233
-0.41122838474305684
-0.4131986363118161
-0.4163868966871605
-0.4053406921794626
-0.4075296654256717
-0.41053398150574505
-0.399675791520924
-0.4008700775635666
-0.40533881500655
-0.39320938628454793
-0.39379637419406904
-0.3988244823710635
-0.3844072859447821
-0.38554062223107355
-0.3907226249296356
-0.3756311593400834
-0.37631964410528296
-0.3825316055562279
-0.3667051941750623
-0.3659469839630279
-0.37244961041167657
-0.3552504328234366
-0.3545224526119339
-0.3617536342345319
-0.3428650218003934
-0.3420020977440552
-0.3499747882656172
-0.329917159762486
-0.32941766642456927
-0.33827616002280597
-0.31664162067405316
-0.31669369217374915
-0.3255436237915195
-0.3004304036248522
-0.30118064342686385
-0.31095617094620115
-0.28301679998143825
-0.2839114705727985
-0.2930361480854202
-0.2777020991981354
-0.27570463301539905
-0.26978955130089716
-0.2673074011417314
-0.2670195685917817
-0.26038491573694406
-0.2553451575949898
-0.25349746636209647
-0.24797275770535313
-0.24078625420299038
-0.24207208196012034
-0.23615972645109254
-0.22713171766867937
-0.2292816100275259
-0.22244096697131538
-0.21252292768952558
-0.21184060065444668
-0.20998358724919944
-0.19697511013256697
-0.19694821817459449
-0.19594062631179768
-0.31398051190367454
-0.31692326255192615
-0.3142088306541535
-0.30322426700380023
-0.3063189995366172
-0.3042480464057564
-0.2912258268270871
-0.2943153525888209
-0.2926966435956097
-0.2776014687644986
-0.28049252304597877
-0.2800405615650226
-0.26218026588360194
-0.2650434294140004
-0.2653609772211901
-0.2460691958893789
-0.24816504885158827
-0.24963171141225277
-0.23030458206768975
-0.23111834457215988
-0.23354619491269485
-0.2240086081022572
-0.2278344713286811
-0.2371114605267797
-0.25991978606800326
-0.2611319791172719
-0.2663081144417572
-0.142609033158738
-0.14144347333606036
-0.1337881672158577
-0.21208282651599872
-0.21075704793054933
-0.1969502737311627
-0.1443189947893352
-0.14118129824416498
-0.13039375003581694
-0.1947146270249912
-0.19348787507648463
-0.17903025087038302
-0.16378040392572069
-0.1685152210814087
-0.17272272733764277
-0.24080494913053993
-0.24163968620720447
-0.24794604848056198
-0.10825239592296101
-0.1120037026646813
-0.11100466364195286
-0.22341322235552286
-0.22494141488804434
-0.23131363596413906
-0.11518803320547613
-0.11242251507026807
-0.08666776110670274
-0.17860718629183375
-0.17797482632959916
-0.16430627013037005
-0.10413096212829166
-0.10396890577183128
-0.09446536157332738
-0.16549826682352745
-0.16525085207877913
-0.1514776079192737
-0.17593953593869222
-0.18111349570781957
-0.1899069129344267
-0.20771372101827643
-0.21007073091250356
-0.2163983974112539
-0.18084612970218816
-0.17951459672113415
-0.18181413191480764
-0.21748336079769187
-0.2173565094651825
-0.21981569888126964
-0.12301958893906402
-0.1287804854024598
-0.1334762187086576
-0.1932446157626461
-0.19591145454223347
-0.2018993035022445
-0.16461909043067763
-0.16252280613529654
-0.1676318498371892
-0.20688543707517004
-0.20570505458251812
-0.20878433137969
-0.108849699855281
-0.10772067751847406
-0.0975400451283657
-0.15277985475758493
-0.1526493940237859
-0.1396603021970803
-0.07907167317074794
-0.08511652549115169
-0.08528890624198056
-0.18002255991403007
-0.18300765836592237
-0.18870991813722654
-0.14045280718182948
-0.14543470457276236
-0.15163874626005044
-0.16866937284428413
-0.17158457309899572
-0.17613320988963366
-0.14690562469256943
-0.1449959031062009
-0.15172502417861614
-0.19666616243466828
-0.19489699670666946
-0.19802885303345988
-0.12983070467001132
-0.12823705288255327
-0.1362715820044794
-0.18687786853868107
-0.1847292296834313
-0.1872402986759313
-0.08751995546702579
-0.08581738569666858
-0.059274435574088784
-0.14066542708683602
-0.14010037570050307
-0.1278440714669155
-0.0757864622671222
-0.0756477827112668
-0.0667565366628709
-0.12939463638223395
-0.12863247553741214
-0.11703223996475462
-0.14556664075553336
-0.14884376495000545
-0.15766352028881425
-0.16835182040926708
-0.1651967671332376
-0.16497281706258685
-0.09424788068349994
-0.10027747621101547
-0.10388434523265706
-0.15828421122748595
-0.1612323130710289
-0.1649372861684626
-0.060773040480868575
-0.06673027432022036
-0.06736486944854747
-0.14748083488233094
-0.1502832345008768
-0.15405299857198412
-0.11323306715827945
-0.11152535827675546
-0.11894197149516549
-0.1780843605837625
-0.17547189931961135
-0.1777552390419872
-0.07097119997508061
-0.07103368928229552
-0.06725884204069718
-0.17054103905997448
-0.1679390278471619
-0.16939866626444713
-0.06485129342548339
-0.0639465410428559
-0.05881326754682112
-0.05707122902704946
-0.05649217680087799
-0.050968716671450906
-0.050132875988953066
-0.04990109360046883
-0.04616730096014851
-0.08176879302114462
-0.08053475552168435
-0.07307488721945728
-0.11962044494752788
-0.11825981539515669
-0.10685734166300458
-0.06700455121227161
-0.06486386557954149
-0.040113756548390216
-0.1108021338503134
-0.10895970857997977
-0.09806932637557553
-0.1362016930158401
-0.13915937030384573
-0.14917991203980802
-0.15871642765968552
-0.15605557712090626
-0.15679228884354152
-0.12711376863315738
-0.1307162505686575
-0.140649933218645
-0.14957606888935626
-0.14779831011942632
-0.14827491386607533
-0.11181789002253695
-0.11579251414009056
-0.11997663392447673
-0.13746129511247923
-0.13980901884159758
-0.143005003733126
-0.07107474025616892
-0.07504185358725352
-0.07834170710811694
-0.12817644634936537
-0.12988511591809684
-0.13304901626515206
-0.04510474171181457
-0.05041275069748886
-0.05102756061203383
-0.11881310386586515
-0.12138065157817651
-0.12408798785277812
-0.09956983908489386
-0.09690533856486652
-0.10213982422374931
-0.08578468977508942
-0.08292503237313939
-0.08550565155433616
-0.1623822300737738
-0.16037068029523738
-0.16101604732546582
-0.0765975402986845
-0.07744564792209785
-0.07551039577112902
-0.08114911371411539
-0.0819208043842542
-0.08012564873505162
-0.1542986567457053
-0.15252848957680207
-0.1522089900294371
-0.0841349585536795
-0.08425600756378193
-0.08104566760662525
-0.14583068229258042
-0.14465339053372128
-0.14371825971685567
-0.04352988432668368
-0.04311275522152968
-0.040818196008488114
-0.03820782578447778
-0.037650199038798786
-0.037226871756124734
-0.10258705807961226
-0.10066086482681295
-0.08990790423206253
-0.06348295446067516
-0.061238945106101936
-0.05394653014253501
-0.09511681330634673
-0.09334062749809133
-0.08288606782828299
-0.05566346325231028
-0.05440727451973494
-0.044952094920213105
-0.05208892612017727
-0.05038086822590468
-0.026625000058920063
-0.08786866814248631
-0.08643567434281711
-0.07736057947252065
-0.04060612506912458
-0.03931562930952178
-0.02838559767977978
-0.0809666159808435
-0.07955666037806404
-0.07134433401866187
-0.11983863102084327
-0.12332811103059424
-0.13422792792568133
-0.1424910182858093
-0.14104513222828166
-0.1425951999029478
-0.11412681615771535
-0.11707467409476417
-0.1280461507348531
-0.13736666646746062
-0.135786106619394
-0.13968559756259094
-0.10879121146546411
-0.11101064982181982
-0.12073077682218529
-0.13224229504419502
-0.1316242413588188
-0.13620295072718455
-0.10364731153382113
-0.10437634604075952
-0.11407062055715082
-0.12781175193938735
-0.1265425538916878
-0.13212677184886634
-0.08846668547291761
-0.09202042429916725
-0.09533662135537871
-0.11248175373420892
-0.11424706473315684
-0.1170513491910498
-0.0379626947250376
-0.041508948963178485
-0.04193362917705845
-0.05508682615463748
-0.05884451540379304
-0.06154723779869869
-0.10614521533087669
-0.10797259493978863
-0.11085448672831792
-0.09977996475739644
-0.10196975704109314
-0.10430730401325602
-0.07223381347925797
-0.0762784388556984
-0.07830466793837243
-0.09528502568335566
-0.09682321419179353
-0.09871576715817613
-0.07314954303158971
-0.07060768519254781
-0.07208334129438473
-0.08659330839606716
-0.08554516449369969
-0.08047108274548333
-0.13920974874875175
-0.1376705817742287
-0.13569345256802431
-0.0862324318476224
-0.08473707610385103
-0.0777296974361763
-0.13227904412320599
-0.1311710987648847
-0.12751815816535522
-0.08560320518630953
-0.08409580251041268
-0.07597982829323685
-0.1272755166014391
-0.12608364961867596
-0.12167115885641501
-0.08519876007250683
-0.08240404698508512
-0.0744038331023426
-0.12234691435160917
-0.12133911569847555
-0.11641409576932107
-0.03294638973895121
-0.032517514028087786
-0.03630679303724529
-0.04854977398706441
-0.04674561783908946
-0.03989135510637164
-0.07509986989055972
-0.07415157401795255
-0.06582868957435777
-0.04075350740126391
-0.039704881585106475
-0.018215013466619648
-0.06994523865516383
-0.06923897146175205
-0.06120465919110384
-0.028262596404470115
-0.028313506929667945
-0.034919165157025596
-0.06417185204544407
-0.06381224344083852
-0.05789483954550862
-0.03754745299948392
-0.036492162846141006
-0.030708603799287946
-0.05962347682276955
-0.05915341881660926
-0.05346761974808151
-0.029732349242052133
-0.029079369810294978
-0.017917491885808764
-0.03297122950770538
-0.031723916241646555
-0.013732763098747004
-0.05544306795340033
-0.05528853123009086
-0.04965213297498806
-0.0975685474385824
-0.09778386733040924
-0.10619756529155545
-0.12321493245300097
-0.12175014357577518
-0.12797668601318213
-0.090788497291121
-0.09107843297477768
-0.09855702014884822
-0.11900506295357616
-0.117228301501011
-0.12305148377843118
-0.08286136100663048
-0.08322754987896479
-0.09100157488917597
-0.1146355460862142
-0.11218478508364865
-0.117493059366003
-0.07283500838388185
-0.07463216297469977
-0.08309518194926695
-0.10874618634962857
-0.10792967076329107
-0.11229183586424477
-0.035911177965746735
-0.03329750778859121
-0.029196653914977822
-0.03177418507958336
-0.02895723520468387
-0.026491484476827053
-0.02821656566245501
-0.026149868526233296
-0.024494463629583157
-0.02564340508994168
-0.02401650470150688
-0.023028369808649512
-0.02401506826129105
-0.02222664043398976
-0.02171472783567112
-0.03268189141162352
-0.034296397017909035
-0.034435522292021584
-0.04427550751547771
-0.04723565047804595
-0.049564505750558596
-0.09012905533875758
-0.09141983999650809
-0.09349951547925336
-0.08515549088813767
-0.08620868176888405
-0.0874715130789165
-0.058695896407976504
-0.06291983875815427
-0.06470725007955318
-0.08109387966668384
-0.08146834165072847
-0.08303565739772989
-0.03489432216458299
-0.03696825782350145
-0.03876981158161618
-0.07667138970995853
-0.0776333473802187
-0.07829260531333213
-0.06157107515248299
-0.0603082477311909
-0.061517346417226386
-0.0844800060909107
-0.08143512435835043
-0.0719334057413705
-0.11890694820082358
-0.1172637082645043
-0.11165168847172453
-0.08288802756549286
-0.07991686313472166
-0.07274421645766395
-0.11530892934589748
-0.11331212672461582
-0.10722014342754452
-0.08020272682787274
-0.07725307884539243
-0.07140453777832442
-0.11175126283825484
-0.10977110286271692
-0.10362540493159365
-0.07783007704450509
-0.07577972395197008
-0.07006077427372771
-0.10833361806347824
-0.10638310992187375
-0.1000894971131387
-0.024111620275156762
-0.024269337627960172
-0.03118745648299638
-0.05145774699523124
-0.05157156624888797
-0.04654644059384751
-0.02222074833579148
-0.02215734664615043
-0.011740441902928408
-0.02944261878221707
-0.029525118919061837
-0.02465544240487039
-0.0475362591225782
-0.048069279199766425
-0.04365369942115501
-0.062315323278969076
-0.0640311084495703
-0.07609177190171522
-0.10339512179565294
-0.10242490122404008
-0.10775277225028655
-0.05224020528945978
-0.053144493052462466
-0.0678683942086071
-0.09785647985047849
-0.0979604850910666
-0.10240845351467469
-0.04980504860135068
-0.04907931351927796
-0.038287992667155636
-0.09293013984767762
-0.09266469261330545
-0.09732430852149342
-0.045616274561018466
-0.04481599203860398
-0.034540059306067565
-0.041079798516683676
-0.038393792774469616
-0.031661000348571194
-0.02305121220409731
-0.020544775336094927
-0.02041109921980373
-0.026761594637631066
-0.028350971845940418
-0.02768580043030671
-0.07217718104570754
-0.07423312712495131
-0.0741927373698181
-0.04844528844983014
-0.053927401820312394
-0.05461112686195341
-0.06954731192611815
-0.07101394895169255
-0.0708664851444227
-0.028038499193034236
-0.029798724764867786
-0.031048492760705305
-0.06631515834339476
-0.06722639968305982
-0.06723137982925137
-0.05229164326698278
-0.05184804070137464
-0.0526551426692233
-0.07653566194773623
-0.07405212624238224
-0.07040340956262471
-0.10513149310921523
-0.10264830956394186
-0.09736055893973138
-0.07574329326286589
-0.07653478898228713
-0.07439226644840893
-0.10246725906961612
-0.09976465874678399
-0.09583905671202606
-0.07903636616853214
-0.07811736843641572
-0.07801695692669369
-0.09945510961702297
-0.09697654708316578
-0.09420333438589513
-0.08018060796955953
-0.07805060843076814
-0.08232054940718767
-0.09675468670961726
-0.09462010707782971
-0.09256682526872884
-0.027061364248210075
-0.02573468760387497
-0.011707973963961157
-0.04442160530187092
-0.04487035198663632
-0.040840562138517104
-0.020551081885060267
-0.020226256605130548
-0.02821368540212837
-0.02226276972211645
-0.021940645902932796
-0.01942221298943183
-0.037591697038233174
-0.03699656262110459
-0.035347057980757705
-0.0410656936721666
-0.040779797346686096
-0.0382019555522003
-0.01640130712444796
-0.016541247164879303
-0.007264888213447939
-0.04312509124632674
-0.04358537909402749
-0.0590363158543378
-0.05276595662652969
-0.05197589980828837
-0.04142381885562991
-0.08827275366380824
-0.0877225538477767
-0.09278488902468589
-0.05456299029444671
-0.05394195775310073
-0.04498441946027538
-0.08366902888772333
-0.08340325551650078
-0.08853752157305615
-0.022397983258707427
-0.01854850289257427
-0.0183284073181767
-0.023127115852640445
-0.02356779481477412
-0.022992176338390385
-0.06275950741002277
-0.0642862617397705
-0.06399250910179466
-0.04011069767774486
-0.0458862389292095
-0.04626101715040873
-0.060148075195414576
-0.061511966568855284
-0.06096868549958134
-0.04523526224667381
-0.045882155279010975
-0.046447067869325516
-0.08035243901226524
-0.08004237691485348
-0.08329597090751518
-0.09444590006682897
-0.09215436546247696
-0.09059300063664234
-0.05672912894832177
-0.055292674329968566
-0.04843059768290443
-0.07951992376350563
-0.07936104840210045
-0.08435790328716862
-0.021518244400057274
-0.020454168939089443
-0.009532614468454405
-0.034829344347520746
-0.0338903788701662
-0.03249295222917506
-0.021102023476288298
-0.017086547131380147
-0.016255358282469188
-0.021162275280331155
-0.024068598285283342
-0.024456369033928463
-0.05731226356689869
-0.059261403213515015
-0.05828997563984243
-0.03960633083803658
-0.04071846692499638
-0.04100033276340424
-0.07629174965909624
-0.07614150048091609
-0.08050122496886765
-0.09086889061061998
-0.0890449301959501
-0.08673120418251423
-0.07291312872821204
-0.0720476604165405
-0.07641158120095494
-0.08786849303427856
-0.08641190229067437
-0.08452293142602701
-0.068157816302452
-0.06737502576933901
-0.07174244790561325
-0.08482197844522917
-0.08370836872055
-0.08194248057579624
-0.015026617967362326
-0.014364241874133911
-0.008066832672021476
-0.013709338664027688
-0.012874253102797365
-0.006053354472114766
-0.016760607863457358
-0.016372697698121042
-0.024265513483194598
-0.03125705156938857
-0.030517628539423202
-0.02922418421680733
-0.01148999000559323
-0.011376718390816247
-0.003214616403546386
-0.03541971896692601
-0.03574665403948823
-0.05136107016905611
-0.028929280365441092
-0.029212558441525302
-0.04345500513200955
-0.05826737994639851
-0.056196196073007514
-0.05021141819466342
-0.07614114520897493
-0.07606386148879318
-0.07970474723633193
-0.059168890032185936
-0.059077388760776006
-0.05229839078597198
-0.0731673360487116
-0.07331580483073045
-0.07594784454690101
-0.06032348965714188
-0.060355076497463425
-0.05512736046940979
-0.07075459000704153
-0.07085027943465863
-0.072730960116916
-0.016822327207664314
-0.015728926246573953
-0.014211152908315683
-0.029432275047185156
-0.02780388925895863
-0.026413356346104446
-0.017455825460752902
-0.016311060999147822
-0.006676616225329639
-0.02709717617404788
-0.02556699425865692
-0.02307785337210649
-0.013348746836686954
-0.012888283767531986
-0.02001402938875797
-0.02458142659445628
-0.022748031458022157
-0.020325110960416202
-0.009049073730140394
-0.0075630622562337345
0.000383417974907279
-0.012947434402180484
-0.010946071953463055
-0.008465366975794154
-0.02243104781453642
-0.020675322945348476
-0.01812457724221871
-0.060624865384569446
-0.06038502570555345
-0.05737738184671523
-0.06866991480374326
-0.0688558968138666
-0.06986045138358697
-0.059737617397897354
-0.06001508785579353
-0.05860458968503274
-0.06631003444788437
-0.06686895847601701
-0.06684871027935618
-0.05891496887354277
-0.0591503886470202
-0.05883272518708494
-0.06459465227513296
-0.06520194352243001
-0.06458245218111114
-0.05795082350241151
-0.05832355015214295
-0.05913488761113969
-0.0629741785358883
-0.06343078702727518
-0.06250882163548979
-0.020037377517669916
-0.015625727639645773
-0.014707668349172623
-0.019073300881937618
-0.013790541497657127
-0.013476031069188259
-0.020172516346053534
-0.01972289077202312
-0.01845110226712599
-0.054691043711113274
-0.05678958644291682
-0.0557380731338848
-0.05338878662086975
-0.05403126682599779
-0.05401675861805264
-0.01626158390674108
-0.01955699608790313
-0.020197553635262235
-0.051155310451278524
-0.05243131230347131
-0.05226337333160544
-0.03431548573893214
-0.04024072532834068
-0.0405407275488644
-0.029019757434842617
-0.036025594325693834
-0.03517618825761643
-0.0173155977411674
-0.016288223620642046
-0.016224601704004797
-0.0480971863883496
-0.049255901873635606
-0.05002791114617348
-0.04640934893903109
-0.048156540985465505
-0.04728888709301954
-0.013045958072940069
-0.01637956457067677
-0.017682936273056036
-0.04457161480678947
-0.04501500283129815
-0.04436478626212743
-0.03446629883971569
-0.03706669567089369
-0.03728697086675882
-0.030781588647182254
-0.032967678252993585
-0.033803309442168666
-0.06273374555135387
-0.06215087807938165
-0.0656694358489601
-0.08124626763569504
-0.08101316969045294
-0.07998473025172535
-0.05810159469865295
-0.05826909150995398
-0.060257282516516714
-0.07786432043928465
-0.07799336794037057
-0.07719410035451013
-0.05392238385816969
-0.05347087183753231
-0.0537630614452775
-0.07456973018629792
-0.07504810368571566
-0.07462670814716509
-0.04842335150024887
-0.048309332721689864
-0.04795289889156179
-0.0707248950007369
-0.07179576645801657
-0.07140186366169161
-0.04384584234020649
-0.04335825611937656
-0.043373037539178975
-0.06785128458110033
-0.0682256184203607
-0.06794492619094479
-0.0240054422408939
-0.024867362300984176
-0.024571888651765877
-0.024833141528911834
-0.02583986112345248
-0.02625212368356987
-0.06458491759827767
-0.06488027471729509
-0.06551854979898956
-0.02230154350048807
-0.0234864337363267
-0.023448964770129813
-0.024692113586936532
-0.025756897682086805
-0.026505507124622935
-0.06136000950799612
-0.061891950629232806
-0.062320076152925515
-0.02064734632812827
-0.02157723184818332
-0.020863646701887558
-0.0197627257406317
-0.019724276430416635
-0.016936817837993366
-0.024138947587221637
-0.025668086256068156
-0.02565393387154603
-0.05860068836854435
-0.05881583071560963
-0.059273934279325806
-0.01851252208434121
-0.018862291611071325
-0.014315294402765258
-0.016664162142777248
-0.016333342951211013
-0.010200032670182897
-0.01259759683617325
-0.011787257469764128
-0.00654707848100968
-0.011461450642394398
-0.011131252595260622
-0.008217369031853983
-0.010253835655988119
-0.009904133570606084
-0.009935891509174245
-0.017268374572816252
-0.01909889850950557
-0.029235879150578584
-0.022433099162569258
-0.023478848373898523
-0.03578346932755466
-0.05660008974988757
-0.057144280236247645
-0.05972497245701398
-0.06157727904741327
-0.06200814211318545
-0.060922215781126436
-0.054557480435953494
-0.05575225045576937
-0.05865885665902054
-0.06011408640407741
-0.06046912075389315
-0.05994627682026163
-0.017389591504188555
-0.012130946659771697
-0.012112698835403094
-0.014180091918953086
-0.013222979795517533
-0.013909289844114313
-0.04238411219931623
-0.042616352203066386
-0.04257499882735601
-0.025368730313674974
-0.03128077458915767
-0.02909316964290658
-0.0406063922502422
-0.041062780780886377
-0.04013455575964329
-0.011147097362152372
-0.013332644363075305
-0.015157557351692032
-0.038758550657540865
-0.0393147108498169
-0.03775532718618334
-0.02820402028036322
-0.029393372407548846
-0.02866570898324166
-0.03975177606936579
-0.03904041359384257
-0.03926642611541969
-0.03666789592105953
-0.03613505294714599
-0.03581456902830259
-0.023057461136339618
-0.024543136326912948
-0.02539579567289316
-0.05614192359998472
-0.05623573463163511
-0.05669513734052917
-0.021184487040447102
-0.023231517598875016
-0.022437569772338586
-0.05383774003249427
-0.05317523194128247
-0.05218845969193587
-0.02160848120247674
-0.02431874731866267
-0.024916142699618282
-0.05167680718016586
-0.050631346540319914
-0.049805062509951266
-0.022625584075807566
-0.024100380302260124
-0.02590987285456466
-0.049272726552289585
-0.048244914624359134
-0.04708507649702051
-0.021698648691177394
-0.02490503328462465
-0.026998127319612816
-0.047161863624625704
-0.04630297165050269
-0.04460927120068037
-0.008895088481486917
-0.008697324175456283
-0.010092174827555814
-0.007823889731458408
-0.007541510393659311
-0.010241128272109807
-0.013606630270557377
-0.01205377254415516
-0.004273849181149404
-0.020687368870824605
-0.01868711148782568
-0.015334352525985678
-0.010909682391863946
-0.00993785494736982
-0.015326109710349377
-0.019143738843792724
-0.017240072991301623
-0.011878620658311512
-0.007101965109977319
-0.005775114654962895
0.0038372571577680982
-0.0526183796355253
-0.053738556578641544
-0.05584087542501991
-0.0588909218318157
-0.05897166249913354
-0.0591890635373883
-0.05056717563869602
-0.05177493746772233
-0.0539226141546535
-0.05781046155045232
-0.057579056983939274
-0.05875680496916469
-0.006720056080618401
-0.006490241969497814
-0.008892522566198217
-0.015237661936567252
-0.009782006191728728
-0.011041386116736674
-0.011142199980765105
-0.009890863112392956
-0.011241438483176826
-0.03755100907456291
-0.03729630613119493
-0.03531323878950045
-0.022568119025380473
-0.026411147177304084
-0.023849101280053867
-0.03614237703418308
-0.034165965269631365
-0.03312977202846524
-0.00876735932704691
-0.010530042235577254
-0.012467609651134857
-0.03502032389709987
-0.03316725027914131
-0.03128111603293187
-0.02349473469863573
-0.023887790495223344
-0.0273182112618982
-0.04515886684467147
-0.044274791397635994
-0.042539393343133496
-0.025088774866116072
-0.029444004397013075
-0.029756903871449716
-0.044019104135579204
-0.042557540538985146
-0.04107126460679735
-0.028950128732978885
-0.03192192050423887
-0.030953583362518144
-0.042442811844926216
-0.04107885058830819
-0.0392508792094232
-0.034461740781322664
-0.03314774445954146
-0.03362000040777983
-0.010096894609922103
-0.008365553395440673
-0.0049356169160137365
-0.011236874280586489
-0.009233453014830556
-0.001510800339899656
-0.016351960574413155
-0.013764484596089876
-0.00796199075548486
-0.017534042208820624
-0.01568127428806254
-0.01025148353969592
-0.009150498245495148
-0.007703461482420824
-0.01108314601768571
-0.015094488563562642
-0.012625631494318147
-0.006517681089771078
-0.005395588149544816
-0.004222055523460236
0.004803402061629481
-0.013311099947463479
-0.013436209931076738
-0.022960337760720845
-0.0070807386002672175
-0.006633338943670538
-0.011060503344836459
-0.009641350713294939
-0.009255933259509092
-0.016401237146777017
-0.04839603581998144
-0.049821739896392866
-0.051503663455851764
-0.05707439041292815
-0.05635566950554642
-0.05825807372132524
-0.04214784916737638
-0.04470384994293603
-0.04683346341875958
-0.0458222769774756
-0.04749580648240867
-0.049503395290861285
-0.054271281292304206
-0.053565727572755885
-0.05499926569582951
-0.05593622366329118
-0.0549797715048895
-0.056793274781389014
-0.038478738542195905
-0.04064571126259628
-0.0427793475470422
-0.052769538195661096
-0.05161929830901004
-0.05233323284100147
-0.03373147009287892
-0.035973233881109075
-0.03843646816438276
-0.050085601980131955
-0.04977838451374549
-0.04917055567800643
-0.02890353693494182
-0.030564474631177858
-0.034053424396693566
-0.04792189069834154
-0.04738507626842192
-0.046118242204566694
-0.024142313262355712
-0.024850806770674715
-0.027729099971431886
-0.044756196311823614
-0.04455009316422954
-0.0418068799006773
-0.022345863154907695
-0.02078337948675318
-0.015762573646985467
-0.041382125164405974
-0.04109780440897817
-0.03815503285172312
-0.02061388304946792
-0.019699286393554803
-0.014077779929245283
-0.019018353763399817
-0.016820601637244015
-0.012064817807872942
-0.016354131887253168
-0.013805150632636357
-0.010734087513623468
-0.014290799653465325
-0.010973587046413684
-0.009553885293959074
-0.012123432124927953
-0.00886187762981977
-0.008165802277069745
-0.010113946685815724
-0.0074839650224807945
-0.007289879490527717
-0.008678354592946785
-0.006533929609153512
-0.006754410265473473
-0.007212546836032517
-0.005769823416619025
-0.0059342113904402
-0.006101771753914038
-0.005143775924619404
-0.004668583613275025
-0.005109171624316271
-0.004530036609571302
-0.0037082247034132946
-0.005139726916584054
-0.005112580998522296
-0.008149066846945415
-0.007824394213566654
-0.006191286483099366
-0.0015979112581646219
-0.013588685806206785
-0.011135829744336294
-0.00575928055535118
-0.007091763753257239
-0.00600349073408625
-0.009346540004035068
-0.008996870094241943
-0.007040848968191249
-0.0011760276143718705
-0.010721143522013317
-0.009454706325596928
-0.0035971311470395935
-0.01243607994334182
-0.010161801970440316
-0.004610824831652276
-0.005753388411550882
-0.004764274712933475
-6.609679618460331e-05
-0.009670977890277979
-0.0077832008779499095
-0.0027309736240220244
-0.006783923426162813
-0.00523792900726784
-0.0007603003368663814
-0.008741752636716988
-0.006844959258890539
-0.0015999694229384986
-0.0034414337619069926
-0.003105665319403774
0.005863654265454493
-0.019036262009498324
-0.020314424922224978
-0.02239245920473763
-0.023578184356750985
-0.02233992102565554
-0.0174476801991711
-0.03866682961785191
-0.038614624609257936
-0.035167645635302586
-0.024153362943951515
-0.02267992752404957
-0.01926077238595965
-0.035975551111248984
-0.035437049923911695
-0.0320838968255787
-0.02416304637496596
-0.022923842126370834
-0.02024423751996776
-0.033361598233840176
-0.03277067823161909
-0.02915031970869628
-0.003814918369037986
-0.004279930458650533
-0.0025628866607662047
-0.0030655258229226427
-0.003500206623509517
-0.0025342649382779224
-0.013574258008802608
-0.007754818092327294
-0.009280670748411358
-0.00877361695096464
-0.00720358961963658
-0.008969976412177724
-0.03255710188931922
-0.03131673362004229
-0.03010617668539025
-0.019120061368638322
-0.024445188528603192
-0.020458372407064194
-0.030708657215940616
-0.030465494046378314
-0.027413159382287215
-0.00421688150004123
-0.004001891182345181
-0.0058102179866387224
-0.0054980696291148
-0.004466088481955999
-0.0070273392788498925
-0.00792299236764364
-0.006013093015861439
6.108968645907465e-05
-0.004249812315832223
-0.003414365268864715
0.0038217814094023655
-0.006820075505596251
-0.005019013706565929
0.0007151487424907781
-0.002424922738528835
-0.00145633191112337
0.00708268770174254
-0.00511508629382665
-0.004531031581259322
-0.006451190415585243
-0.011822188167297477
-0.012757122399862127
-0.012823124439619187
-0.01508864526110094
-0.01627470358360238
-0.017719965436131604
-0.02351129529350855
-0.022988281277518688
-0.021062401867380367
-0.031016332878166936
-0.030502687602031116
-0.02674611858659636
-0.02242855370262305
-0.02249333040847608
-0.021548601723565833
-0.028318445461525503
-0.028078051451362936
-0.0248582825951564
-0.022181483300008707
-0.0215024677359401
-0.021248817664451695
-0.02652536979578061
-0.02611913772930323
-0.02275896108393093
-0.021732086730046958
-0.021351839517766754
-0.02123675975006705
-0.024952352828904272
-0.024665669228043426
-0.020742408387110545
-0.02179493675253963
-0.021643021469731488
-0.021033692054334006
-0.023913874882449247
-0.023726659077808177
-0.01928008806333552
-0.011588595847302263
-0.006020305517775137
-0.0069547869752230275
-0.0060510992148491115
-0.008265151887520196
-0.009462051133163646
-0.028402577429947055
-0.02945435892881055
-0.02537234921460726
-0.006260291190314363
-0.005530332262888982
-0.0065917135914840014
-0.027032232620334724
-0.026585005190789112
-0.023307734696480644
-0.016264132676447614
-0.018194184480727734
-0.015667149711803486
-0.02542865219065144
-0.02283848633021689
-0.021061885653480984
-0.0033166839004370578
-0.006389319275502452
-0.0077230941795593975
-0.0227605373788158
-0.02023485645049894
-0.01939819578201988
-0.026408809093797843
-0.02740544301880201
-0.024071800306323617
-0.023783484938354586
-0.02411314400040571
-0.021136200273212533
-0.020771941430020372
-0.021054672927900128
-0.016716021104996658
-0.03308446246364508
-0.03169259830472216
-0.03129934166763603
-0.03265325299204718
-0.029943714342407446
-0.029750889919597324
-0.03006832597768909
-0.026312599221657233
-0.024888919810332963
-0.03188843800948564
-0.03484912021828915
-0.035633508560077826
-0.036357786555381244
-0.03823170634704621
-0.03692952990728087
-0.040795649450159635
-0.03989352053417089
-0.03799526314732692
-0.03988985262188352
-0.038539858424470295
-0.036304039151825306
-0.03358090186918493
-0.03561997260151651
-0.03577781206172825
-0.026694911519361996
-0.023732850145447897
-0.026439147567913233
-0.0342533932609002
-0.03613043650792704
-0.03469706603457525
-0.02760017784971256
-0.02487134709681996
-0.027140389252132874
-0.013034704212517968
-0.01162645728804198
-0.011088171652737705
-0.014138534019907101
-0.013147660097802898
-0.012634908774690439
-0.0011038298073891345
-0.0015212028097609188
-0.0015467371219527353
-0.0009052663303505655
-0.0011384969513720555
-0.0007012416842196279
-0.0006724913917152725
-0.0005104639064105295
0.001080746027152984
-0.0003600230553829775
-0.0003081520774240895
0.0006254907554555607
-0.0002624508884588542
-0.0003215314351202251
0.0004653594075255403
-3.8739283125670454e-05
-8.576661454576834e-05
-0.00013590054868615413
-0.003645353462730526
-0.002860905653160221
-0.005914973288185066
-0.02154775562997431
-0.021608665098915486
-0.020646107385179028
-0.02283571819465913
-0.022759218221435236
-0.018587692412797053
-0.009164519514203842
-0.004644301849489156
-0.005394735941677515
-0.004637208676108342
-0.0035323033285980265
0.0004418743172018178
-0.00579947960459605
-0.004116234746885267
0.0018075176538556827
-0.003231654983338046
-0.0027438453447202692
-0.004426703647824853
-0.004782018772015669
-0.0033743194110275993
0.003461382657378817
-0.0030925600759065947
-0.0019555570631889087
0.007298554930721946
-0.003971575769459313
-0.002545681660871263
0.00507397358086481
-0.0015503637886776231
-0.0006304740663073287
0.00788808630520367
-0.0027823850613277476
-0.0017293269499206417
0.003954705116329843
-0.003229819405135414
-0.0019161606384731282
0.006375509658502085
-0.001957829210554165
-0.0016070302516227025
-0.0008396690860720962
-0.003439209849099881
-0.0031209530022490617
-0.0034347972172803997
-0.007505037584658346
-0.007514406324512467
-0.005683716719216092
-0.009198551858874221
-0.009846836105248322
-0.008906082188728645
-0.0058898917589024265
-0.005584721042886889
-0.0033096808715906323
-0.02134368793521975
-0.02130395900420735
-0.02039877471676316
-0.02187403126723691
-0.021639227258641792
-0.018814409583901112
-0.020606966988834245
-0.020732933245041617
-0.01981339190242995
-0.020854956814880372
-0.0207711904607013
-0.018756449462619354
-0.01905684353188015
-0.019069704818542064
-0.01681951648446408
-0.019832910292653983
-0.019950318062968517
-0.017829973893322762
-0.01930303841175575
-0.01922226516526577
-0.017675844903435163
-0.02001486650218548
-0.020014562112568926
-0.018210822010994308
-0.017643947758129636
-0.018023297644040075
-0.016910207133793567
-0.018202766880589926
-0.018383513332179986
-0.017887293080153185
-0.016525933626203818
-0.01687669367991781
-0.016358364230330952
-0.017449038252575905
-0.01750462148743443
-0.017540841799431606
-0.015089746494145836
-0.01564375085197031
-0.01557046017270484
-0.016470794152533143
-0.016629545161874138
-0.016851647844201442
-0.013711499917162745
-0.014488007385311282
-0.01432689077320376
-0.015639259191444366
-0.015900361331919015
-0.015693891600224153
-0.012402564330211486
-0.012821397793611246
-0.01219338984385496
-0.014488934779493014
-0.014872010452826873
-0.013855100037437649
-0.011234428706283
-0.011380852706478768
-0.01084494538579812
-0.01357149254758468
-0.013806763322888018
-0.012492972205257637
-0.010078289788428257
-0.009871937604615341
-0.009457507293394235
-0.012504660357339933
-0.012681979808584813
-0.011298298183812646
-0.002464661004998014
-0.0027116424118120105
-0.001988261287951238
-0.011180430047822263
-0.011315033680090856
-0.00971719884367544
-0.002426370568911681
-0.0028100422039694676
-0.0018407908904184195
-0.002444554866236088
-0.0022539990180937787
-0.0018922142843758485
-0.00985865603900386
-0.009977516058548202
-0.008544157586011951
-0.002337063841301688
-0.002425910616409252
-0.001648026819459512
-0.00240227277114383
-0.002026901534509013
-0.0017308223844894396
-0.008579179170065645
-0.008446268235384538
-0.006789004887163402
-0.002086370449281532
-0.002050612659215636
-0.0016617101935826816
-0.0019277592742816183
-0.001412353946607731
-0.001367000827020387
-0.0013810476583873024
-0.0009857943099038278
-0.0012811876714965986
-0.000923104626372097
-0.0006279278075166256
-0.0011824775691006814
-0.0005588191224602953
-0.0003602156881399185
-0.00097708594635964
-0.00024619487987560064
-0.00015256034672370388
-0.0008563284189711016
-0.00018195620953149908
-6.424404960041113e-05
-0.0003808481176715479
-0.002240473552490338
-0.002930601873160746
-0.0023149297767458624
-0.001457330756160418
-0.0023228390389641628
-0.001792930178738381
-0.0009643108189065685
-0.001837532164642661
-0.0014225661920354046
-0.0007897496366046946
-0.0012392696776860948
-0.0012023625007294351
-0.0006873460690622291
-0.0008022061388777681
-0.0006891160002082999
-0.0006053906897601625
-0.0007687669062801826
-0.0002574498910898884
-0.006820642598767322
-0.003349576630028577
-0.003918882860167777
-0.004261935600005768
-0.004148075439681349
-0.005257183476147647
-0.0003576956526146344
-0.0005895256982333908
-0.00014383627670951126
-0.022090812925268995
-0.01868062102872168
-0.01661179891220878
-0.017757570538533766
-0.014842058388542764
-0.015651436627046728
-0.01516013000587615
-0.014092501010617767
-0.014088931707916847
-0.001348490524439829
-0.004431811842860863
-0.005783700132988442
-0.004423433964776488
-0.0015172961888783353
-0.002510076402014126
-0.0021484767082125115
-0.002286234727236928
-0.0032639422926749985
-0.012313384500715193
-0.01124127980338077
-0.009514428242701926
-0.009707105760159816
-0.009528237456351915
-0.007239035408041212
-0.010936927939766436
-0.011492481758514188
-0.011732553766878956
-0.005283671795383335
-0.00801094126747358
-0.004728959006027086
8.633864664402175e-05
-0.002139618964327121
-0.003726739117970275
-0.008735180133406607
-0.0071112271669633185
-0.00665195009351592
-0.017828877325263216
-0.014532545589040328
-0.01135461543606113
-0.010164907792502679
-0.008955045076143843
-0.0062504859500269305
-0.02664714247648197
-0.02414453432209898
-0.021175203642455887
-0.025463214933448282
-0.02139793836587799
-0.017611143881067597
-0.021664132146035717
-0.020387000902412588
-0.015221182081235326
-0.0003712069924089165
-0.0007728247034945282
-0.001961069848826221
-0.005483835090072306
-0.006211070755295465
-0.003989976678513066
-0.0003830821961715679
-0.0016526123694779787
-0.0012987755636515775
-0.0028805606151582437
-0.0019132218134673318
-0.002255191110761472
0.0013929200643624693
-0.0007031787348594679
-0.002091860838317753
-0.0018662010171093051
-0.0007031787348594679
-0.002091860838317753
-0.0026818554393864356
-0.0018683730424966698
-0.004723291800219407
-0.0015326033615692316
-0.0010960583103341434
0.0009254285194072859
-0.0023744704126069925
-0.0012589879423896676
0.007614389009846481
-0.0008418670510377615
-0.00016292963205552375
0.006688960490439192
-0.004343886495771881
-0.004616669993363149
-0.0015101434194792341
-0.007414101172767777
-0.007723517040454424
-0.006651943301636106
-0.008715769042824251
-0.008603391268278847
-0.007728937555724205
-0.006176906398921813
-0.006419366700875526
-0.005058182502673957
-0.002231628497509686
-0.0020210932445628503
-0.0016794121622726208
-0.002443322372054011
-0.002003816390767179
-0.0018258948233523585
-0.006344933160168069
-0.006033386821239105
-0.004402794098896571
-0.007568700756337021
-0.007148698365544524
-0.0054444370312749886
-0.0022382871460984452
-0.0021503878976160905
-0.0014881294002386685
-0.005244740846436419
-0.004918600348102016
-0.0032321837303051176
-0.0019371763296657744
-0.00182536264033358
-0.0014905988447177923
-0.004120782357294683
-0.00412204807459003
-0.002185098391283409
-0.0012320927587911273
-0.0015205527750465958
-0.0010016380089854146
-0.001617405442996006
-0.0016807153856274203
-0.001373172944818484
-0.0017804949273138048
-0.002220667263483684
-0.0012395751427002426
-0.0027494967849474527
-0.0032078187745963388
-0.0017629410505486506
-0.0009923997623199484
-0.0010276602639289027
-0.0006681696596163989
-0.0011803457691690316
-0.0013732105360357986
-0.000782415068075398
-0.00042182796359333224
-0.00047550557755659086
-0.00035381435830535694
-0.00042182796359333224
-0.0005661782003386636
-0.0003480730947389495
0.0
0.0
0.0
0.0
0.0
0.0
-0.0020659805770927055
-0.0012693801832667747
-0.0046909977997736585
-0.0014528632893950507
-0.0007639333155619744
0.00957918744947489
-0.00103176781062706
-0.0006275244286468053
0.006674447150450035
-0.0012025382530034018
-0.0007168544245193989
0.007994842651356693
-0.001777660375096788
-0.001041309894716393
0.0070119602961575015
-0.0006369461120437612
-0.00028194429929984924
0.0034476351831539435
-0.0010368174866771619
-0.00035076050020376717
0.00838656049795842
-0.0005186108910826782
-6.876763729128719e-06
0.009360337782158489
-0.0006432594775004064
-9.601200247745585e-05
0.008205092089154731
-0.00039987137463340074
-6.881620090391782e-05
0.004938925314804471
-0.0011622709284877066
-0.0005839314182872407
0.0013656433366538638
-0.003220266098857289
-0.003313829710276687
0.0004943513629565149
-0.005125378384283006
-0.005144881974777344
-0.003618542207922625
-0.004113304662658379
-0.004012293576676253
-0.0027233819366239463
0.0
0.0
0.0
0.0
0.0
0.0
-0.0008113500289096374
-0.0005518673820226706
-0.0033413928598535173
-0.0003202343295371643
0.00011397475400463347
0.00829609150304561
-0.0003509734052609703
7.967865440670395e-05
0.009396112078974624
-9.285830481758083e-05
0.00012875825949660734
0.006072460477509111
-0.00024223044909243155
0.00018919084255826174
0.00973103702146477
-0.00014937214427485068
6.043258306165438e-05
0.003658576543955656
-0.0004474343438076666
-0.00018683368855248688
0.0024208045421722536
-0.0021189381299096107
-0.0020836376080766994
0.0017536039909985125
-0.0030064537003379717
-0.002768212450485924
-0.0017440543300664482
-0.002183606027628909
-0.0022966854342564495
-0.0006944995465656159
-0.0024974784189866774
-0.000260609443989353
-0.0009564155471098942
0.0012129077066032074
-0.0001330823638314385
-0.001011587733633396
-0.00028295651178726947
-0.0004578134416907743
-0.0017615389817504745
0.0015705946889741976
-0.00019171370524987435
-0.0007746952103365294
0.0007208830251019667
-0.00021127948246665369
-0.0012540352134574801
0.00013385845603705503
-0.0001681876922953862
-0.0011944705113723403
0.00013385845603705503
-0.0001681876922953862
-0.0011944705113723403
-0.005112628097663388
-0.005438246051800937
-0.002028906829686846
-0.0014958642183904752
-0.00032473107785933576
-0.0007499512481170788
-0.018838462788618563
-0.013076770268716308
-0.011417651711370604
-0.0012357340393406601
-0.0011505531225197623
0.0020584149723819963
-0.0005484021685226777
-0.0007001144884370892
-0.0002379371337148285
-0.001132091341951448
-0.0015271033889689204
-0.0003897681057301664
-9.186648084458628e-05
-3.67658732557425e-05
0.00010329097602296217
-0.013453943828821664
-0.009071163469523512
-0.008161395298218892
-0.0003247970857017373
-0.00027737657915441786
-0.0025672271533173975
-0.0008497116638722324
-1.9565777216779345e-05
-0.0004793400031209508
-0.00017077044237634207
-8.93299958725935e-05
0.001320395500906648
-0.0001239391041010359
0.00023036743402352544
0.007668609500469948
-0.0001239391041010359
0.00023036743402352544
0.007668609500469948
-0.0005042826126713221
-0.0003352682544344385
0.0015843651328620561
-0.00018794600684908318
-0.0003455502721068958
-0.00011424540845899937
0.0
0.0
0.0
0.0
0.0
0.0
-4.664743170644634e-05
0.00022693935321680563
0.006361456655593508
-4.664743170644634e-05
0.00022693935321680563
0.006361456655593508
0.0
-9.067262278207267e-05
5.741263566407358e-06
6.151484841016047e-05
0.0001463687146824162
0.0050915528845450276
5.85349239332956e-05
0.0001965971708233969
0.00634080197156803
-2.9799244768648595e-06
5.022845614098071e-05
0.0012492490870230064
-3.0739075723806055e-05
-3.429609959792952e-05
0.001100020575929
-6.766566464307946e-05
-3.825721565968383e-05
0.0011168115099963846
0.0010438452360491124
-5.9882390672563276e-05
-0.0004208498558190137
0.00017604294855305048
-8.905900290923016e-05
-0.0005974745973505448
0.0012635376821913736
-6.94932256924508e-05
-0.00033428553401176485
0.0010242692182375619
-8.905900290923016e-05
-0.000504571440152134
-0.008644760552215145
-0.004722868880761511
-0.002827113994774629
-0.0001246485864177281
-8.913523874832716e-05
-0.0011552456930037512
3.074402371132798e-05
0.00011681017968504347
0.0035004181590202097
3.074402371132798e-05
0.00011681017968504347
0.0035004181590202097
0.0
0.0
0.0
-0.0002392684639538113
-1.9565777216779345e-05
-0.00017028590614036928
0.0008402985712139305
-4.5690190912384674e-05
-0.0003887161151358047
0.0008402985712139305
-4.5690190912384674e-05
-0.0003887161151358047
0.0004980615576241409
-1.702673550789715e-05
-0.0003068138008346676
0.0005693152189198871
-1.702673550789715e-05
-0.00035133135388505643
-3.247299989875163e-05
0.0
-9.612597980929199e-05
0.00033986524695523834
0.0
-0.0002326538745035903
0.00037233824685398994
0.0
-0.00013652789469429828
0.00017324562682957296
0.0
-0.00013652789469429828
0.00017324562682957296
0.0
-0.00013652789469429828
6.946931078589493e-05
0.0
0.0
6.946931078589493e-05
0.0
0.0
-0.0008678022874960626
-2.9176612236666878e-05
-0.00017662474153153112
7.125366129574645e-05
0.0
-4.451755305038887e-05
-0.0031720430111193167
0.0
0.0
-0.00018032416140303833
0.0
-5.986907018577732e-05
-0.0001767582278354853
-0.0002487393218746855
-9.80969807710153e-05
0.0
5.3726717858129196e-05
0.0008516956312598379
0.0
5.3726717858129196e-05
0.0008516956312598379
0.0
0.0
0.0
0.0
0.0
0.0
-2.6060719345836605e-05
0.0
0.0
-5.222852534415043e-05
0.0
0.0
-8.707807035245613e-05
0.0
0.0
2.406515837907861e-05
0.0
0.0
2.406515837907861e-05
0.0
0.0
0.0
0.0
0.0
0.0
0.0
0.0
0.0
0.0
0.0
0.0
0.0
0.0
0.0
0.0
0.0
0.0
0.0
0.0
0.0
0.0
0.0
0.0
0.0
0.0
0.0
0.0
0.0
0.0
0.0
0.0
0.0
0.0
0.0
0.0
0.0
0.0
0.0
0.0
0.0
0.0
0.0
0.0
0.0
0.0
0.0
0.0
0.0
0.0
0.0
0.0
0.0
0.0
0.0
0.0
0.0
0.0
0.0
0.0
0.0
0.0
0.0
0.0
0.0
0.0
0.0
0.0
0.0
0.0
0.0
0.0
0.0
0.0
0.0
0.0
0.0
0.0
0.0
0.0
0.0
0.0
0.0
0.0
0.0
0.0
0.0
0.0
0.0
0.0
0.0
0.0
0.0
0.0
0.0
0.0
0.0
0.0
0.0
0.0
0.0
0.0
0.0
0.0
0.0
0.0
0.0
0.0
0.0
0.0
0.0
0.0
0.0
0.0
0.0
0.0
0.0
0.0
0.0
0.0
0.0
0.0
0.0
0.0
0.0
0.0
0.0
0.0
0.0
0.0
0.0
0.0
0.0
0.0
0.0
0.0
0.0
0.0
0.0
0.0
0.0
0.0
0.0
0.0
0.0
0.0
0.0
0.0
0.0
0.0
0.0
0.0
0.0
0.0
0.0
0.0
0.0
0.0
0.0
0.0
0.0
0.0
0.0
0.0
0.0
0.0
0.0
0.0
0.0
0.0
0.0
0.0
0.0
0.0
0.0
0.0
0.0
0.0
0.0
0.0
0.0
0.0
0.0
0.0
0.0
0.0
0.0
0.0
0.0
0.0
0.0
0.0
0.0
0.0
0.0
0.0
0.0
0.0
0.0
0.0
0.0
0.0
0.0
0.0
0.0
0.0
0.0
0.0
0.0
0.0
0.0
0.0
0.0
0.0
0.0
0.0
0.0
0.0
0.0
0.0
0.0
0.0
0.0
0.0
0.0
0.0
0.0
0.0
0.0
0.0
0.0
0.0
0.0
0.0
0.0
0.0
0.0
0.0
0.0
0.0
0.0
0.0
0.0
0.0
0.0
0.0
0.0
0.0
0.0
0.0
0.0
0.0
0.0
0.0
0.0
0.0
0.0
0.0
0.0
0.0
0.0
0.0
0.0
0.0
0.0
0.0
0.0
0.0
0.0
0.0
0.0
0.0
0.0
0.0
0.0
0.0
0.0
0.0
0.0
0.0
0.0
0.0
0.0
0.0
0.0
0.0
0.0
0.0
0.0
0.0
0.0
0.0
0.0
0.0
0.0
0.0
0.0
0.0
0.0
0.0
0.0
0.0
0.0
0.0
0.0
0.0
0.0
0.0
0.0
0.0
0.0
0.0
0.0
0.0
0.0
0.0
0.0
0.0
0.0
0.0
0.0
0.0
0.0
0.0
0.0
0.0
0.0
0.0
0.0
0.0
0.0
0.0
0.0
0.0
0.0
0.0
0.0
0.0
0.0
0.0
0.0
0.0
0.0
0.0
0.0
0.0
0.0
0.0
0.0
0.0
0.0
0.0
0.0
0.0
0.0
0.0
0.0
0.0
0.0
0.0
0.0
0.0
0.0
0.0
0.0
0.0
0.0
0.0
0.0
0.0
0.0
0.0
0.0
0.0
0.0
0.0
0.0
0.0
0.0
0.0
0.0
0.0
0.0
0.0
0.0
0.0
0.0
0.0
0.0
0.0
0.0
0.0
0.0
0.0
0.0
0.0
0.0
0.0
0.0
0.0
0.0
0.0
0.0
0.0
0.0
0.0
0.0
0.0
0.0
0.0
0.0
0.0
0.0
0.0
0.0
0.0
0.0
0.0
0.0
0.0
0.0
0.0
0.0
0.0
0.0
0.0
0.0
0.0
0.0
0.0
0.0
0.0
0.0
0.0
0.0
0.0
0.0
0.0
0.0
0.0
0.0
0.0
0.0
0.0
0.0
0.0
0.0
0.0
0.0
0.0
0.0
0.0
0.0
0.0
0.0
0.0
0.0
0.0
0.0
0.0
0.0
0.0
0.0
0.0
0.0
0.0
0.0
0.0
0.0
0.0
0.0
0.0
0.0
0.0
0.0
0.0
0.0
0.0
0.0
0.0
0.0
0.0
0.0
0.0
0.0
0.0
0.0
0.0
0.0
0.0
0.0
0.0
0.0
0.0
0.0
0.0
0.0
0.0
0.0
0.0
0.0
0.0
0.0
0.0
0.0
0.0
0.0
0.0
0.0
0.0
0.0
0.0
0.0
0.0
0.0
0.0
0.0
0.0
0.0
0.0
0.0
0.0
0.0
0.0
0.0
0.0
0.0
0.0
0.0
0.0
0.0
0.0
0.0
0.0
0.0
0.0
0.0
0.0
0.0
0.0
0.0
0.0
0.0
0.0
0.0
0.0
0.0
0.0
0.0
0.0
0.0
0.0
0.0
0.0
0.0
0.0
0.0
0.0
0.0
0.0
0.0
0.0
0.0
0.0
0.0
0.0
0.0
0.0
0.0
0.0
0.0
0.0
0.0
0.0
0.0
0.0
0.0
0.0
0.0
0.0
0.0
0.0
0.0
0.0
0.0
0.0
0.0
0.0
0.0
0.0
0.0
0.0
0.0
0.0
0.0
0.0
0.0
0.0
0.0
0.0
0.0
0.0
0.0
0.0
0.0
0.0
0.0
0.0
0.0
0.0
0.0
0.0
0.0
0.0
0.0
0.0
0.0
0.0
0.0
0.0
0.0
0.0
0.0
0.0
0.0
0.0
0.0
0.0
0.0
0.0
0.0
0.0
0.0
0.0
0.0
0.0
0.0
0.0
0.0
0.0
0.0
0.0
0.0
0.0
0.0
0.0
0.0
0.0
0.0
0.0
0.0
0.0
0.0
0.0
0.0
0.0
0.0
0.0
0.0
0.0
0.0
0.0
0.0
0.0
0.0
0.0
0.0
0.0
0.0
0.0
0.0
0.0
0.0
0.0
0.0
0.0
0.0
0.0
0.0
0.0
0.0
0.0
0.0
0.0
0.0
0.0
0.0
0.0
0.0
0.0
0.0
0.0
0.0
0.0
0.0
0.0
0.0
0.0
0.0
0.0
0.0
0.0
0.0
0.0
0.0
0.0
0.0
0.0
0.0
0.0
0.0
0.0
0.0
0.0
0.0
0.0
0.0
0.0
0.0
0.0
0.0
0.0
0.0
0.0
0.0
0.0
0.0
0.0
0.0
0.0
0.0
0.0
0.0
0.0
0.0
0.0
0.0
0.0
0.0
0.0
0.0
0.0
0.0
0.0
0.0
0.0
0.0
0.0
0.0
0.0
0.0
0.0
0.0
0.0
0.0
0.0
0.0
0.0
0.0
0.0
0.0
0.0
0.0
0.0
0.0
0.0
0.0
0.0
0.0
0.0
0.0
0.0
0.0
0.0
0.0
0.0
0.0
0.0
0.0
0.0
0.0
0.0
0.0
0.0
0.0
0.0
0.0
0.0
0.0
0.0
0.0
0.0
0.0
0.0
0.0
0.0
0.0
0.0
0.0
0.0
0.0
0.0
0.0
0.0
0.0
0.0
0.0
0.0
0.0
0.0
0.0
0.0
0.0
0.0
0.0
0.0
0.0
0.0
0.0
0.0
0.0
0.0
0.0
0.0
0.0
0.0
0.0
0.0
0.0
0.0
0.0
0.0
0.0
0.0
0.0
0.0
0.0
0.0
0.0
0.0
0.0
0.0
0.0
0.0
0.0
0.0
0.0
0.0
0.0
0.0
0.0
0.0
0.0
0.0
0.0
0.0
0.0
0.0
0.0
0.0
0.0
0.0
0.0
0.0
0.0
0.0
0.0
0.0
0.0
0.0
0.0
0.0
0.0
0.0
0.0
0.0
0.0
0.0
0.0
0.0
0.0
0.0
0.0
0.0
0.0
0.0
0.0
0.0
0.0
0.0
0.0
0.0
0.0
0.0
0.0
0.0
0.0
0.0
0.0
0.0
0.0
0.0
0.0
0.0
0.0
0.0
0.0
0.0
0.0
0.0
0.0
0.0
0.0
0.0
0.0
0.0
0.0
0.0
0.0
0.0
0.0
0.0
0.0
0.0
0.0
0.0
0.0
0.0
0.0
0.0
0.0
0.0
0.0
0.0
0.0
0.0
0.0
0.0
0.0
0.0
0.0
0.0
0.0
0.0
0.0
0.0
0.0
0.0
0.0
0.0
0.0
0.0
0.0
0.0
0.0
0.0
0.0
0.0
0.0
0.0
0.0
0.0
0.0
0.0
0.0
0.0
0.0
0.0
0.0
0.0
0.0
0.0
0.0
0.0
0.0
0.0
0.0
0.0
0.0
0.0
0.0
0.0
0.0
0.0
0.0
0.0
0.0
0.0
0.0
0.0
0.0
0.0
0.0
0.0
0.0
0.0
0.0
0.0
0.0
0.0
0.0
0.0
0.0
0.0
0.0
0.0
0.0
0.0
0.0
0.0
0.0
0.0
0.0
0.0
0.0
0.0
0.0
0.0
0.0
0.0
0.0
0.0
0.0
0.0
0.0
0.0
0.0
0.0
0.0
0.0
0.0
0.0
0.0
0.0
0.0
0.0
0.0
0.0
0.0
0.0
0.0
0.0
0.0
0.0
0.0
0.0
0.0
0.0
0.0
0.0
0.0
0.0
0.0
0.0
0.0
0.0
0.0
0.0
0.0
0.0
0.0
0.0
0.0
0.0
0.0
0.0
0.0
0.0
0.0
0.0
0.0
0.0
0.0
0.0
0.0
0.0
0.0
0.0
0.0
0.0
0.0
0.0
0.0
0.0
0.0
0.0
0.0
0.0
0.0
0.0
0.0
0.0
0.0
0.0
0.0
0.0
0.0
0.0
0.0
0.0
0.0
0.0
0.0
0.0
0.0
0.0
0.0
0.0
0.0
0.0
0.0
0.0
0.0
0.0
0.0
0.0
0.0
0.0
0.0
0.0
0.0
0.0
0.0
0.0
0.0
0.0
0.0
0.0
0.0
0.0
0.0
0.0
0.0
0.0
0.0
0.0
0.0
0.0
0.0
0.0
0.0
0.0
0.0
0.0
0.0
0.0
0.0
0.0
0.0
0.0
0.0
0.0
0.0
0.0
0.0
0.0
0.0
0.0
0.0
0.0
0.0
0.0
0.0
0.0
0.0
0.0
0.0
0.0
0.0
0.0
0.0
0.0
0.0
0.0
0.0
0.0
0.0
0.0
0.0
0.0
0.0
0.0
0.0
0.0
0.0
0.0
0.0
0.0
0.0
0.0
0.0
0.0
0.0
0.0
0.0
0.0
0.0
0.0
0.0
0.0
0.0
0.0
0.0
0.0
0.0
0.0
0.0
0.0
0.0
0.0
0.0
0.0
0.0
0.0
0.0
0.0
0.0
0.0
0.0
0.0
0.0
0.0
0.0
0.0
0.0
0.0
0.0
0.0
0.0
0.0
0.0
0.0
0.0
0.0
0.0
0.0
0.0
0.0
0.0
0.0
0.0
0.0
0.0
0.0
0.0
0.0
0.0
0.0
0.0
0.0
0.0
0.0
0.0
0.0
0.0
0.0
0.0
0.0
0.0
0.0
0.0
0.0
0.0
0.0
0.0
0.0
0.0
0.0
0.0
0.0
0.0
0.0
0.0
0.0
0.0
0.0
0.0
0.0
0.0
0.0
0.0
0.0
0.0
0.0
0.0
0.0
0.0
0.0
0.0
0.0
0.0
0.0
0.0
0.0
0.0
0.0
0.0
0.0
0.0
0.0
0.0
0.0
0.0
0.0
0.0
0.0
0.0
0.0
0.0
0.0
0.0
0.0
0.0
0.0
0.0
0.0
0.0
0.0
0.0
0.0
0.0
0.0
0.0
0.0
0.0
0.0
0.0
0.0
0.0
0.0
0.0
0.0
0.0
0.0
0.0
0.0
0.0
0.0
0.0
0.0
0.0
0.0
0.0
0.0
0.0
0.0
0.0
0.0
0.0
0.0
0.0
0.0
0.0
0.0
0.0
0.0
0.0
0.0
0.0
0.0
0.0
0.0
0.0
0.0
0.0
0.0
0.0
0.0
0.0
0.0
0.0
0.0
0.0
0.0
0.0
0.0
0.0
0.0
0.0
0.0
0.0
0.0
0.0
0.0
0.0
0.0
0.0
0.0
0.0
0.0
0.0
0.0
0.0
0.0
0.0
0.0
0.0
0.0
0.0
0.0
0.0
0.0
0.0
0.0
0.0
0.0
0.0
0.0
0.0
0.0
0.0
0.0
0.0
0.0
0.0
0.0
0.0
0.0
0.0
0.0
0.0
0.0
0.0
0.0
0.0
0.0
0.0
0.0
0.0
0.0
0.0
0.0
0.0
0.0
0.0
0.0
0.0
0.0
0.0
0.0
0.0
0.0
0.0
0.0
0.0
0.0
0.0
0.0
0.0
0.0
0.0
0.0
0.0
0.0
0.0
0.0
0.0
0.0
0.0
0.0
0.0
0.0
0.0
0.0
0.0
0.0
0.0
0.0
0.0
0.0
0.0
0.0
0.0
0.0
0.0
0.0
0.0
0.0
0.0
0.0
0.0
0.0
0.0
0.0
0.0
0.0
0.0
0.0
0.0
0.0
0.0
0.0
0.0
0.0
0.0
0.0
0.0
0.0
0.0
0.0
0.0
0.0
0.0
0.0
0.0
0.0
0.0
0.0
0.0
0.0
0.0
0.0
0.0
0.0
0.0
0.0
0.0
0.0
0.0
0.0
0.0
0.0
0.0
0.0
0.0
0.0
0.0
0.0
0.0
0.0
0.0
0.0
0.0
0.0
0.0
0.0
0.0
0.0
0.0
0.0
0.0
0.0
0.0
0.0
0.0
0.0
0.0
0.0
0.0
0.0
0.0
0.0
0.0
0.0
0.0
0.0
0.0
0.0
0.0
0.0
0.0
0.0
0.0
0.0
0.0
0.0
0.0
0.0
0.0
0.0
0.0
0.0
0.0
0.0
0.0
0.0
0.0
0.0
0.0
0.0
0.0
0.0
0.0
0.0
0.0
0.0
0.0
0.0
0.0
0.0
0.0
0.0
0.0
0.0
0.0
0.0
0.0
0.0
0.0
0.0
0.0
0.0
0.0
0.0
0.0
0.0
0.0
0.0
0.0
0.0
0.0
0.0
0.0
0.0
0.0
0.0
0.0
0.0
0.0
0.0
0.0
0.0
0.0
0.0
0.0
0.0
0.0
0.0
0.0
0.0
0.0
0.0
0.0
0.0
0.0
0.0
0.0
0.0
0.0
0.0
0.0
0.0
0.0
0.0
0.0
0.0
0.0
0.0
0.0
0.0
0.0
0.0
0.0
0.0
0.0
0.0
0.0
0.0
0.0
0.0
0.0
0.0
0.0
0.0
0.0
0.0
0.0
0.0
0.0
0.0
0.0
0.0
0.0
0.0
0.0
0.0
0.0
0.0
0.0
0.0
0.0
0.0
0.0
0.0
0.0
0.0
0.0
0.0
0.0
0.0
0.0
0.0
0.0
0.0
0.0
0.0
0.0
0.0
0.0
0.0
0.0
0.0
0.0
0.0
0.0
0.0
0.0
0.0
0.0
0.0
0.0
0.0
0.0
0.0
0.0
0.0
0.0
0.0
0.0
0.0
0.0
0.0
0.0
0.0
0.0
0.0
0.0
0.0
0.0
0.0
0.0
0.0
0.0
0.0
0.0
0.0
0.0
0.0
0.0
0.0
0.0
0.0
0.0
0.0
0.0
0.0
0.0
0.0
0.0
0.0
0.0
0.0
0.0
0.0
0.0
0.0
0.0
0.0
0.0
0.0
0.0
0.0
0.0
0.0
0.0
0.0
0.0
0.0
0.0
0.0
0.0
0.0
0.0
0.0
0.0
0.0
0.0
0.0
0.0
0.0
0.0
0.0
0.0
0.0
0.0
0.0
0.0
0.0
0.0
0.0
0.0
0.0
0.0
0.0
0.0
0.0
0.0
0.0
0.0
0.0
0.0
0.0
0.0
0.0
0.0
0.0
0.0
0.0
0.0
0.0
0.0
0.0
0.0
0.0
0.0
0.0
0.0
0.0
0.0
0.0
0.0
0.0
0.0
0.0
0.0
0.0
0.0
0.0
0.0
0.0
0.0
0.0
0.0
0.0
0.0
0.0
0.0
0.0
0.0
0.0
0.0
0.0
0.0
0.0
0.0
0.0
0.0
0.0
0.0
0.0
0.0
0.0
0.0
0.0
0.0
0.0
0.0
0.0
0.0
0.0
0.0
0.0
0.0
0.0
0.0
0.0
0.0
0.0
0.0
0.0
0.0
0.0
0.0
0.0
0.0
0.0
0.0
0.0
0.0
0.0
0.0
0.0
0.0
0.0
0.0
0.0
0.0
0.0
0.0
0.0
0.0
0.0
0.0
0.0
0.0
0.0
0.0
0.0
0.0
0.0
0.0
0.0
0.0
0.0
0.0
0.0
0.0
0.0
0.0
0.0
0.0
0.0
0.0
0.0
0.0
0.0
0.0
0.0
0.0
0.0
0.0
0.0
0.0
0.0
0.0
0.0
0.0
0.0
0.0
0.0
0.0
0.0
0.0
0.0
0.0
0.0
0.0
0.0
0.0
0.0
0.0
0.0
0.0
0.0
0.0
0.0
0.0
0.0
0.0
0.0
0.0
0.0
0.0
0.0
0.0
0.0
0.0
0.0
0.0
0.0
0.0
0.0
0.0
0.0
0.0
0.0
0.0
0.0
0.0
0.0
0.0
0.0
0.0
0.0
0.0
0.0
0.0
0.0
0.0
0.0
0.0
0.0
0.0
0.0
0.0
0.0
0.0
0.0
0.0
0.0
0.0
0.0
0.0
0.0
0.0
0.0
0.0
0.0
0.0
0.0
0.0
0.0
0.0
0.0
0.0
0.0
0.0
0.0
0.0
0.0
0.0
0.0
0.0
0.0
0.0
0.0
0.0
0.0
0.0
0.0
0.0
0.0
0.0
0.0
0.0
0.0
0.0
0.0
0.0
0.0
0.0
0.0
0.0
0.0
0.0
0.0
0.0
0.0
0.0
0.0
0.0
0.0
0.0
0.0
0.0
0.0
0.0
0.0
0.0
0.0
0.0
0.0
0.0
0.0
0.0
0.0
0.0
0.0
0.0
0.0
0.0
0.0
0.0
0.0
0.0
0.0
0.0
0.0
0.0
0.0
0.0
0.0
0.0
0.0
0.0
0.0
0.0
0.0
0.0
0.0
0.0
0.0
0.0
0.0
0.0
0.0
0.0
0.0
0.0
0.0
0.0
0.0
0.0
0.0
0.0
0.0
0.0
0.0
0.0
0.0
0.0
0.0
0.0
0.0
0.0
0.0
0.0
0.0
0.0
0.0
0.0
0.0
0.0
0.0
0.0
0.0
0.0
0.0
0.0
0.0
0.0
0.0
0.0
0.0
0.0
0.0
0.0
0.0
0.0
0.0
0.0
0.0
0.0
0.0
0.0
0.0
0.0
0.0
0.0
0.0
0.0
0.0
0.0
0.0
0.0
0.0
0.0
0.0
0.0
0.0
0.0
0.0
0.0
0.0
0.0
0.0
0.0
0.0
0.0
0.0
0.0
0.0
0.0
0.0
0.0
0.0
0.0
0.0
0.0
0.0
0.0
0.0
0.0
0.0
0.0
0.0
0.0
0.0
0.0
0.0
0.0
0.0
0.0
0.0
0.0
0.0
0.0
0.0
0.0
0.0
0.0
0.0
0.0
0.0
0.0
0.0
0.0
0.0
0.0
0.0
0.0
0.0
0.0
0.0
0.0
0.0
0.0
0.0
0.0
0.0
0.0
0.0
0.0
0.0
0.0
0.0
0.0
0.0
0.0
0.0
0.0
0.0
0.0
0.0
0.0
0.0
0.0
0.0
0.0
0.0
0.0
0.0
0.0
0.0
0.0
0.0
0.0
0.0
0.0
0.0
0.0
0.0
0.0
0.0
0.0
0.0
0.0
0.0
0.0
0.0
0.0
0.0
0.0
0.0
0.0
0.0
0.0
0.0
0.0
0.0
0.0
0.0
0.0
0.0
0.0
0.0
0.0
0.0
0.0
0.0
0.0
0.0
0.0
0.0
0.0
0.0
0.0
0.0
0.0
0.0
0.0
0.0
0.0
0.0
0.0
0.0
0.0
0.0
0.0
0.0
0.0
0.0
0.0
0.0
0.0
0.0
0.0
0.0
0.0
0.0
0.0
0.0
0.0
0.0
0.0
0.0
0.0
0.0
0.0
0.0
0.0
0.0
0.0
0.0
0.0
0.0
0.0
0.0
0.0
0.0
0.0
0.0
0.0
0.0
0.0
0.0
0.0
0.0
0.0
0.0
0.0
0.0
0.0
0.0
0.0
0.0
0.0
0.0
0.0
0.0
0.0
0.0
0.0
0.0
0.0
0.0
0.0
0.0
0.0
0.0
0.0
0.0
0.0
0.0
0.0
0.0
0.0
0.0
0.0
0.0
0.0
0.0
0.0
0.0
0.0
0.0
0.0
0.0
0.0
0.0
0.0
0.0
0.0
0.0
0.0
0.0
0.0
0.0
0.0
0.0
0.0
0.0
0.0
0.0
0.0
0.0
0.0
0.0
0.0
0.0
0.0
0.0
0.0
0.0
0.0
0.0
0.0
0.0
0.0
0.0
0.0
0.0
0.0
0.0
0.0
0.0
0.0
0.0
0.0
0.0
0.0
0.0
0.0
0.0
0.0
0.0
0.0
0.0
0.0
0.0
0.0
0.0
0.0
0.0
0.0
0.0
0.0
0.0
0.0
0.0
0.0
0.0
0.0
0.0
0.0
0.0
0.0
0.0
0.0
0.0
0.0
0.0
0.0
0.0
0.0
0.0
0.0
0.0
0.0
0.0
0.0
0.0
0.0
0.0
0.0
0.0
0.0
0.0
0.0
0.0
0.0
0.0
0.0
0.0
0.0
0.0
0.0
0.0
0.0
0.0
0.0
0.0
0.0
0.0
0.0
0.0
0.0
0.0
0.0
0.0
0.0
0.0
0.0
0.0
0.0
0.0
0.0
0.0
0.0
0.0
0.0
0.0
0.0
0.0
0.0
0.0
0.0
0.0
0.0
0.0
0.0
0.0
0.0
0.0
0.0
0.0
0.0
0.0
0.0
0.0
0.0
0.0
0.0
0.0
0.0
0.0
0.0
0.0
0.0
0.0
0.0
0.0
0.0
0.0
0.0
0.0
0.0
0.0
0.0
0.0
0.0
0.0
0.0
0.0
0.0
0.0
0.0
0.0
0.0
0.0
0.0
0.0
0.0
0.0
0.0
0.0
0.0
0.0
0.0
0.0
0.0
0.0
0.0
0.0
0.0
0.0
0.0
0.0
0.0
0.0
0.0
0.0
0.0
0.0
0.0
0.0
0.0
0.0
0.0
0.0
0.0
0.0
0.0
0.0
0.0
0.0
0.0
0.0
0.0
0.0
0.0
0.0
0.0
0.0
0.0
0.0
0.0
0.0
0.0
0.0
0.0
0.0
0.0
0.0
0.0
0.0
0.0
0.0
0.0
0.0
0.0
0.0
0.0
0.0
0.0
0.0
0.0
0.0
0.0
0.0
0.0
0.0
0.0
0.0
0.0
0.0
0.0
0.0
0.0
0.0
0.0
0.0
0.0
0.0
0.0
0.0
0.0
0.0
0.0
0.0
0.0
0.0
0.0
0.0
0.0
0.0
0.0
0.0
0.0
0.0
0.0
0.0
0.0
0.0
0.0
0.0
0.0
0.0
0.0
0.0
0.0
0.0
0.0
0.0
0.0
0.0
0.0
0.0
0.0
0.0
0.0
0.0
0.0
0.0
0.0
0.0
0.0
0.0
0.0
0.0
0.0
0.0
0.0
0.0
0.0
0.0
0.0
0.0
0.0
0.0
0.0
0.0
0.0
0.0
0.0
0.0
0.0
0.0
0.0
0.0
0.0
0.0
0.0
0.0
0.0
0.0
0.0
0.0
0.0
0.0
0.0
0.0
0.0
0.0
0.0
0.0
0.0
0.0
0.0
0.0
0.0
0.0
0.0
0.0
0.0
0.0
0.0
0.0
0.0
0.0
0.0
0.0
0.0
0.0
0.0
0.0
0.0
0.0
0.0
0.0
0.0
0.0
0.0
0.0
0.0
0.0
0.0
0.0
0.0
0.0
0.0
0.0
0.0
0.0
0.0
0.0
0.0
0.0
0.0
0.0
0.0
0.0
0.0
0.0
0.0
0.0
0.0
0.0
0.0
0.0
0.0
0.0
0.0
0.0
0.0
0.0
0.0
0.0
0.0
0.0
0.0
0.0
0.0
0.0
0.0
0.0
0.0
0.0
0.0
0.0
0.0
0.0
0.0
0.0
0.0
0.0
0.0
0.0
0.0
0.0
0.0
0.0
0.0
0.0
0.0
0.0
0.0
0.0
0.0
0.0
0.0
0.0
0.0
0.0
0.0
0.0
0.0
0.0
0.0
0.0
0.0
0.0
0.0
0.0
0.0
0.0
0.0
0.0
0.0
0.0
0.0
0.0
0.0
0.0
0.0
0.0
0.0
0.0
0.0
0.0
0.0
0.0
0.0
0.0
0.0
0.0
0.0
0.0
0.0
0.0
0.0
0.0
0.0
0.0
0.0
0.0
0.0
0.0
0.0
0.0
0.0
0.0
0.0
0.0
0.0
0.0
0.0
0.0
0.0
0.0
0.0
0.0
0.0
0.0
0.0
0.0
0.0
0.0
0.0
0.0
0.0
0.0
0.0
0.0
0.0
0.0
0.0
0.0
0.0
0.0
0.0
0.0
0.0
0.0
0.0
0.0
0.0
0.0
0.0
0.0
0.0
0.0
0.0
0.0
0.0
0.0
0.0
0.0
0.0
0.0
0.0
0.0
0.0
0.0
0.0
0.0
0.0
0.0
0.0
0.0
0.0
0.0
0.0
0.0
0.0
0.0
0.0
0.0
0.0
0.0
0.0
0.0
0.0
0.0
0.0
0.0
0.0
0.0
0.0
0.0
0.0
0.0
0.0
0.0
0.0
0.0
0.0
0.0
0.0
0.0
0.0
0.0
0.0
0.0
0.0
0.0
0.0
0.0
0.0
0.0
0.0
0.0
0.0
0.0
0.0
0.0
0.0
0.0
0.0
0.0
0.0
0.0
0.0
0.0
0.0
0.0
0.0
0.0
0.0
0.0
0.0
0.0
0.0
0.0
0.0
0.0
0.0
0.0
0.0
0.0
0.0
0.0
0.0
0.0
0.0
0.0
0.0
0.0
0.0
0.0
0.0
0.0
0.0
0.0
0.0
0.0
0.0
0.0
0.0
0.0
0.0
0.0
0.0
0.0
0.0
0.0
0.0
0.0
0.0
0.0
0.0
0.0
0.0
0.0
0.0
0.0
0.0
0.0
0.0
0.0
0.0
0.0
0.0
0.0
0.0
0.0
0.0
0.0
0.0
0.0
0.0
0.0
0.0
0.0
0.0
0.0
0.0
0.0
0.0
0.0
0.0
0.0
0.0
0.0
0.0
0.0
0.0
0.0
0.0
0.0
0.0
0.0
0.0
0.0
0.0
0.0
0.0
0.0
0.0
0.0
0.0
0.0
0.0
0.0
0.0
0.0
0.0
0.0
0.0
0.0
0.0
0.0
0.0
0.0
0.0
0.0
0.0
0.0
0.0
0.0
0.0
0.0
0.0
0.0
0.0
0.0
0.0
0.0
0.0
0.0
0.0
0.0
0.0
0.0
0.0
0.0
0.0
0.0
0.0
0.0
0.0
0.0
0.0
0.0
0.0
0.0
0.0
0.0
0.0
0.0
0.0
0.0
0.0
0.0
0.0
0.0
0.0
0.0
0.0
0.0
0.0
0.0
0.0
0.0
0.0
0.0
0.0
0.0
0.0
0.0
0.0
0.0
0.0
0.0
0.0
0.0
0.0
0.0
0.0
0.0
0.0
0.0
0.0
0.0
0.0
0.0
0.0
0.0
0.0
0.0
0.0
0.0
0.0
0.0
0.0
0.0
0.0
0.0
0.0
0.0
0.0
0.0
0.0
0.0
0.0
0.0
0.0
0.0
0.0
0.0
0.0
0.0
0.0
0.0
0.0
0.0
0.0
0.0
0.0
0.0
0.0
0.0
0.0
0.0
0.0
0.0
0.0
0.0
0.0
0.0
0.0
0.0
0.0
0.0
0.0
0.0
0.0
0.0
0.0
0.0
0.0
0.0
0.0
0.0
0.0
0.0
0.0
0.0
0.0
0.0
0.0
0.0
0.0
0.0
0.0
0.0
0.0
0.0
0.0
0.0
0.0
0.0
0.0
0.0
0.0
0.0
0.0
0.0
0.0
0.0
0.0
0.0
0.0
0.0
0.0
0.0
0.0
0.0
0.0
0.0
0.0
0.0
0.0
0.0
0.0
0.0
0.0
0.0
0.0
0.0
0.0
0.0
0.0
0.0
0.0
0.0
0.0
0.0
0.0
0.0
0.0
0.0
0.0
0.0
0.0
0.0
0.0
0.0
0.0
0.0
0.0
0.0
0.0
0.0
0.0
0.0
0.0
0.0
0.0
0.0
0.0
0.0
0.0
0.0
0.0
0.0
0.0
0.0
0.0
0.0
0.0
0.0
0.0
0.0
0.0
0.0
0.0
0.0
0.0
0.0
0.0
0.0
0.0
0.0
0.0
0.0
0.0
0.0
0.0
0.0
0.0
0.0
0.0
0.0
0.0
0.0
0.0
0.0
0.0
0.0
0.0
0.0
0.0
0.0
0.0
0.0
0.0
0.0
0.0
0.0
0.0
0.0
0.0
0.0
0.0
0.0
0.0
0.0
0.0
0.0
0.0
0.0
0.0
0.0
0.0
0.0
0.0
0.0
0.0
0.0
0.0
0.0
0.0
0.0
0.0
0.0
0.0
0.0
0.0
0.0
0.0
0.0
0.0
0.0
0.0
0.0
0.0
0.0
0.0
0.0
0.0
0.0
0.0
0.0
0.0
0.0
0.0
0.0
0.0
0.0
0.0
0.0
0.0
0.0
0.0
0.0
0.0
0.0
0.0
0.0
0.0
0.0
0.0
0.0
0.0
0.0
0.0
0.0
0.0
0.0
0.0
0.0
0.0
0.0
0.0
0.0
0.0
0.0
0.0
0.0
0.0
0.0
0.0
0.0
0.0
0.0
0.0
0.0
0.0
0.0
0.0
0.0
0.0
0.0
0.0
0.0
0.0
0.0
0.0
0.0
0.0
0.0
0.0
0.0
0.0
0.0
0.0
0.0
0.0
0.0
0.0
0.0
0.0
0.0
0.0
0.0
0.0
0.0
0.0
0.0
0.0
0.0
0.0
0.0
0.0
0.0
0.0
0.0
0.0
0.0
0.0
0.0
0.0
0.0
0.0
0.0
0.0
0.0
0.0
0.0
0.0
0.0
0.0
0.0
0.0
0.0
0.0
0.0
0.0
0.0
0.0
0.0
0.0
0.0
0.0
0.0
0.0
0.0
0.0
0.0
0.0
0.0
0.0
0.0
0.0
0.0
0.0
0.0
0.0
0.0
0.0
0.0
0.0
0.0
0.0
0.0
0.0
0.0
0.0
0.0
0.0
0.0
0.0
0.0
0.0
0.0
0.0
0.0
0.0
0.0
0.0
0.0
0.0
0.0
0.0
0.0
0.0
0.0
0.0
0.0
0.0
0.0
0.0
0.0
0.0
0.0
0.0
0.0
0.0
0.0
0.0
0.0
0.0
0.0
0.0
0.0
0.0
0.0
0.0
0.0
0.0
0.0
0.0
0.0
0.0
0.0
0.0
0.0
0.0
0.0
0.0
0.0
0.0
0.0
0.0
0.0
0.0
0.0
0.0
0.0
0.0
0.0
